<?xml version="1.0" encoding="UTF-8"?>
<testsuite name="com.phonebook.tests.AddContactTests" tests="8" skipped="0" failures="0" errors="0" timestamp="2025-09-19T08:06:53" hostname="DENISULTANOV" time="92.535">
  <properties/>
  <testcase name="addContactPositiveFromDataProviderTest[0](Lara, Kraft, 1234567890, Lara@gm.com, Larnaca, QA)" classname="com.phonebook.tests.AddContactTests" time="3.134"/>
  <testcase name="addContactPositiveFromDataProviderTest[1](Lara, Kraft, 12345678901, Lara1@gm.com, Larnaca, QA)" classname="com.phonebook.tests.AddContactTests" time="2.076"/>
  <testcase name="addContactPositiveFromDataProviderTest[2](Lara, Kraft, 123456789012, Lara2@gm.com, Larnaca, QA)" classname="com.phonebook.tests.AddContactTests" time="1.941"/>
  <testcase name="addContactPositiveFromDataProviderWithCsvFileTest[0](Contact{phone='1234567890', name='Klara'})" classname="com.phonebook.tests.AddContactTests" time="2.159"/>
  <testcase name="addContactPositiveFromDataProviderWithCsvFileTest[1](Contact{phone='12345678901', name='Sveta'})" classname="com.phonebook.tests.AddContactTests" time="1.759"/>
  <testcase name="addContactPositiveFromDataProviderWithCsvFileTest[2](Contact{phone='123456789012', name='Lena'})" classname="com.phonebook.tests.AddContactTests" time="1.862"/>
  <testcase name="addContactPositiveFromDataProviderWithCsvFileTest[3](Contact{phone='1234567890123', name='Kristina'})" classname="com.phonebook.tests.AddContactTests" time="1.821"/>
  <testcase name="addContactPositiveTest" classname="com.phonebook.tests.AddContactTests" time="1.957"/>
  <system-out><![CDATA[10:06:51.799 [Test worker] INFO  com.phonebook.tests.TestBase -- Start test addContactPositiveFromDataProviderTest[Lara, Kraft, 1234567890, Lara@gm.com, Larnaca, QA]
10:06:51.805 [Test worker] INFO  com.phonebook.utils.MyListener -- Before find elements By.cssSelector: [href='/login']
10:06:51.806 [Test worker] INFO  com.phonebook.utils.MyListener -- ************************************
10:06:51.923 [Test worker] INFO  com.phonebook.utils.MyListener -- List size is 1
10:06:51.924 [Test worker] INFO  com.phonebook.utils.MyListener -- ************************************
10:06:51.928 [Test worker] INFO  com.phonebook.utils.MyListener -- The locator will find By.cssSelector: [href='/login']
10:06:51.929 [Test worker] INFO  com.phonebook.utils.MyListener -- ************************************
10:06:51.963 [Test worker] INFO  com.phonebook.utils.MyListener -- The locator is By.cssSelector: [href='/login']
10:06:51.964 [Test worker] INFO  com.phonebook.utils.MyListener -- ************************************
10:06:52.135 [Test worker] INFO  com.phonebook.utils.MyListener -- The locator will find By.name: email
10:06:52.136 [Test worker] INFO  com.phonebook.utils.MyListener -- ************************************
10:06:52.170 [Test worker] INFO  com.phonebook.utils.MyListener -- The locator is By.name: email
10:06:52.171 [Test worker] INFO  com.phonebook.utils.MyListener -- ************************************
10:06:52.303 [Test worker] INFO  com.phonebook.utils.MyListener -- The locator will find By.name: email
10:06:52.303 [Test worker] INFO  com.phonebook.utils.MyListener -- ************************************
10:06:52.327 [Test worker] INFO  com.phonebook.utils.MyListener -- The locator is By.name: email
10:06:52.329 [Test worker] INFO  com.phonebook.utils.MyListener -- ************************************
10:06:52.391 [Test worker] INFO  com.phonebook.utils.MyListener -- The locator will find By.name: email
10:06:52.391 [Test worker] INFO  com.phonebook.utils.MyListener -- ************************************
10:06:52.405 [Test worker] INFO  com.phonebook.utils.MyListener -- The locator is By.name: email
10:06:52.405 [Test worker] INFO  com.phonebook.utils.MyListener -- ************************************
10:06:52.496 [Test worker] INFO  com.phonebook.utils.MyListener -- The locator will find By.name: password
10:06:52.496 [Test worker] INFO  com.phonebook.utils.MyListener -- ************************************
10:06:52.517 [Test worker] INFO  com.phonebook.utils.MyListener -- The locator is By.name: password
10:06:52.518 [Test worker] INFO  com.phonebook.utils.MyListener -- ************************************
10:06:52.632 [Test worker] INFO  com.phonebook.utils.MyListener -- The locator will find By.name: password
10:06:52.633 [Test worker] INFO  com.phonebook.utils.MyListener -- ************************************
10:06:52.670 [Test worker] INFO  com.phonebook.utils.MyListener -- The locator is By.name: password
10:06:52.670 [Test worker] INFO  com.phonebook.utils.MyListener -- ************************************
10:06:52.772 [Test worker] INFO  com.phonebook.utils.MyListener -- The locator will find By.name: password
10:06:52.773 [Test worker] INFO  com.phonebook.utils.MyListener -- ************************************
10:06:52.805 [Test worker] INFO  com.phonebook.utils.MyListener -- The locator is By.name: password
10:06:52.806 [Test worker] INFO  com.phonebook.utils.MyListener -- ************************************
10:06:52.946 [Test worker] INFO  com.phonebook.utils.MyListener -- The locator will find By.name: login
10:06:52.947 [Test worker] INFO  com.phonebook.utils.MyListener -- ************************************
10:06:52.971 [Test worker] INFO  com.phonebook.utils.MyListener -- The locator is By.name: login
10:06:52.972 [Test worker] INFO  com.phonebook.utils.MyListener -- ************************************
10:06:53.074 [Test worker] INFO  com.phonebook.utils.MyListener -- The locator will find By.cssSelector: [href='/add']
10:06:53.075 [Test worker] INFO  com.phonebook.utils.MyListener -- ************************************
10:06:53.916 [Test worker] INFO  com.phonebook.utils.MyListener -- The locator is By.cssSelector: [href='/add']
10:06:53.917 [Test worker] INFO  com.phonebook.utils.MyListener -- ************************************
10:06:54.029 [Test worker] INFO  com.phonebook.utils.MyListener -- The locator will find By.cssSelector: input:nth-child(1)
10:06:54.030 [Test worker] INFO  com.phonebook.utils.MyListener -- ************************************
10:06:54.047 [Test worker] INFO  com.phonebook.utils.MyListener -- The locator is By.cssSelector: input:nth-child(1)
10:06:54.047 [Test worker] INFO  com.phonebook.utils.MyListener -- ************************************
10:06:54.219 [Test worker] INFO  com.phonebook.utils.MyListener -- The locator will find By.cssSelector: input:nth-child(1)
10:06:54.219 [Test worker] INFO  com.phonebook.utils.MyListener -- ************************************
10:06:54.246 [Test worker] INFO  com.phonebook.utils.MyListener -- The locator is By.cssSelector: input:nth-child(1)
10:06:54.246 [Test worker] INFO  com.phonebook.utils.MyListener -- ************************************
10:06:54.348 [Test worker] INFO  com.phonebook.utils.MyListener -- The locator will find By.cssSelector: input:nth-child(1)
10:06:54.349 [Test worker] INFO  com.phonebook.utils.MyListener -- ************************************
10:06:54.365 [Test worker] INFO  com.phonebook.utils.MyListener -- The locator is By.cssSelector: input:nth-child(1)
10:06:54.366 [Test worker] INFO  com.phonebook.utils.MyListener -- ************************************
10:06:54.434 [Test worker] INFO  com.phonebook.utils.MyListener -- The locator will find By.cssSelector: input:nth-child(2)
10:06:54.436 [Test worker] INFO  com.phonebook.utils.MyListener -- ************************************
10:06:54.455 [Test worker] INFO  com.phonebook.utils.MyListener -- The locator is By.cssSelector: input:nth-child(2)
10:06:54.455 [Test worker] INFO  com.phonebook.utils.MyListener -- ************************************
10:06:54.547 [Test worker] INFO  com.phonebook.utils.MyListener -- The locator will find By.cssSelector: input:nth-child(2)
10:06:54.547 [Test worker] INFO  com.phonebook.utils.MyListener -- ************************************
10:06:54.578 [Test worker] INFO  com.phonebook.utils.MyListener -- The locator is By.cssSelector: input:nth-child(2)
10:06:54.578 [Test worker] INFO  com.phonebook.utils.MyListener -- ************************************
10:06:54.643 [Test worker] INFO  com.phonebook.utils.MyListener -- The locator will find By.cssSelector: input:nth-child(2)
10:06:54.643 [Test worker] INFO  com.phonebook.utils.MyListener -- ************************************
10:06:54.657 [Test worker] INFO  com.phonebook.utils.MyListener -- The locator is By.cssSelector: input:nth-child(2)
10:06:54.657 [Test worker] INFO  com.phonebook.utils.MyListener -- ************************************
10:06:54.714 [Test worker] INFO  com.phonebook.utils.MyListener -- The locator will find By.cssSelector: input:nth-child(3)
10:06:54.715 [Test worker] INFO  com.phonebook.utils.MyListener -- ************************************
10:06:54.736 [Test worker] INFO  com.phonebook.utils.MyListener -- The locator is By.cssSelector: input:nth-child(3)
10:06:54.738 [Test worker] INFO  com.phonebook.utils.MyListener -- ************************************
10:06:54.835 [Test worker] INFO  com.phonebook.utils.MyListener -- The locator will find By.cssSelector: input:nth-child(3)
10:06:54.836 [Test worker] INFO  com.phonebook.utils.MyListener -- ************************************
10:06:54.847 [Test worker] INFO  com.phonebook.utils.MyListener -- The locator is By.cssSelector: input:nth-child(3)
10:06:54.847 [Test worker] INFO  com.phonebook.utils.MyListener -- ************************************
10:06:54.884 [Test worker] INFO  com.phonebook.utils.MyListener -- The locator will find By.cssSelector: input:nth-child(3)
10:06:54.884 [Test worker] INFO  com.phonebook.utils.MyListener -- ************************************
10:06:54.896 [Test worker] INFO  com.phonebook.utils.MyListener -- The locator is By.cssSelector: input:nth-child(3)
10:06:54.896 [Test worker] INFO  com.phonebook.utils.MyListener -- ************************************
10:06:54.944 [Test worker] INFO  com.phonebook.utils.MyListener -- The locator will find By.cssSelector: input:nth-child(4)
10:06:54.944 [Test worker] INFO  com.phonebook.utils.MyListener -- ************************************
10:06:54.959 [Test worker] INFO  com.phonebook.utils.MyListener -- The locator is By.cssSelector: input:nth-child(4)
10:06:54.959 [Test worker] INFO  com.phonebook.utils.MyListener -- ************************************
10:06:55.026 [Test worker] INFO  com.phonebook.utils.MyListener -- The locator will find By.cssSelector: input:nth-child(4)
10:06:55.026 [Test worker] INFO  com.phonebook.utils.MyListener -- ************************************
10:06:55.036 [Test worker] INFO  com.phonebook.utils.MyListener -- The locator is By.cssSelector: input:nth-child(4)
10:06:55.036 [Test worker] INFO  com.phonebook.utils.MyListener -- ************************************
10:06:55.063 [Test worker] INFO  com.phonebook.utils.MyListener -- The locator will find By.cssSelector: input:nth-child(4)
10:06:55.063 [Test worker] INFO  com.phonebook.utils.MyListener -- ************************************
10:06:55.073 [Test worker] INFO  com.phonebook.utils.MyListener -- The locator is By.cssSelector: input:nth-child(4)
10:06:55.073 [Test worker] INFO  com.phonebook.utils.MyListener -- ************************************
10:06:55.113 [Test worker] INFO  com.phonebook.utils.MyListener -- The locator will find By.cssSelector: input:nth-child(5)
10:06:55.115 [Test worker] INFO  com.phonebook.utils.MyListener -- ************************************
10:06:55.129 [Test worker] INFO  com.phonebook.utils.MyListener -- The locator is By.cssSelector: input:nth-child(5)
10:06:55.129 [Test worker] INFO  com.phonebook.utils.MyListener -- ************************************
10:06:55.192 [Test worker] INFO  com.phonebook.utils.MyListener -- The locator will find By.cssSelector: input:nth-child(5)
10:06:55.193 [Test worker] INFO  com.phonebook.utils.MyListener -- ************************************
10:06:55.203 [Test worker] INFO  com.phonebook.utils.MyListener -- The locator is By.cssSelector: input:nth-child(5)
10:06:55.204 [Test worker] INFO  com.phonebook.utils.MyListener -- ************************************
10:06:55.255 [Test worker] INFO  com.phonebook.utils.MyListener -- The locator will find By.cssSelector: input:nth-child(5)
10:06:55.256 [Test worker] INFO  com.phonebook.utils.MyListener -- ************************************
10:06:55.270 [Test worker] INFO  com.phonebook.utils.MyListener -- The locator is By.cssSelector: input:nth-child(5)
10:06:55.271 [Test worker] INFO  com.phonebook.utils.MyListener -- ************************************
10:06:55.311 [Test worker] INFO  com.phonebook.utils.MyListener -- The locator will find By.cssSelector: input:nth-child(6)
10:06:55.312 [Test worker] INFO  com.phonebook.utils.MyListener -- ************************************
10:06:55.326 [Test worker] INFO  com.phonebook.utils.MyListener -- The locator is By.cssSelector: input:nth-child(6)
10:06:55.327 [Test worker] INFO  com.phonebook.utils.MyListener -- ************************************
10:06:55.410 [Test worker] INFO  com.phonebook.utils.MyListener -- The locator will find By.cssSelector: input:nth-child(6)
10:06:55.411 [Test worker] INFO  com.phonebook.utils.MyListener -- ************************************
10:06:55.422 [Test worker] INFO  com.phonebook.utils.MyListener -- The locator is By.cssSelector: input:nth-child(6)
10:06:55.422 [Test worker] INFO  com.phonebook.utils.MyListener -- ************************************
10:06:55.453 [Test worker] INFO  com.phonebook.utils.MyListener -- The locator will find By.cssSelector: input:nth-child(6)
10:06:55.453 [Test worker] INFO  com.phonebook.utils.MyListener -- ************************************
10:06:55.465 [Test worker] INFO  com.phonebook.utils.MyListener -- The locator is By.cssSelector: input:nth-child(6)
10:06:55.465 [Test worker] INFO  com.phonebook.utils.MyListener -- ************************************
10:06:55.495 [Test worker] INFO  com.phonebook.utils.MyListener -- The locator will find By.cssSelector: .add_main__1tbl_ button
10:06:55.495 [Test worker] INFO  com.phonebook.utils.MyListener -- ************************************
10:06:55.510 [Test worker] INFO  com.phonebook.utils.MyListener -- The locator is By.cssSelector: .add_main__1tbl_ button
10:06:55.510 [Test worker] INFO  com.phonebook.utils.MyListener -- ************************************
10:06:55.575 [Test worker] INFO  com.phonebook.utils.MyListener -- Before find elements By.cssSelector: h2
10:06:55.577 [Test worker] INFO  com.phonebook.utils.MyListener -- ************************************
10:06:56.131 [Test worker] INFO  com.phonebook.utils.MyListener -- List size is 14
10:06:56.131 [Test worker] INFO  com.phonebook.utils.MyListener -- ************************************
10:06:56.210 [Test worker] INFO  com.phonebook.utils.MyListener -- The locator will find By.cssSelector: .contact-item_card__2SOIM
10:06:56.211 [Test worker] INFO  com.phonebook.utils.MyListener -- ************************************
10:06:56.227 [Test worker] INFO  com.phonebook.utils.MyListener -- The locator is By.cssSelector: .contact-item_card__2SOIM
10:06:56.227 [Test worker] INFO  com.phonebook.utils.MyListener -- ************************************
10:06:56.295 [Test worker] INFO  com.phonebook.utils.MyListener -- The locator will find By.xpath: //button[.='Remove']
10:06:56.295 [Test worker] INFO  com.phonebook.utils.MyListener -- ************************************
10:06:56.309 [Test worker] INFO  com.phonebook.utils.MyListener -- The locator is By.xpath: //button[.='Remove']
10:06:56.310 [Test worker] INFO  com.phonebook.utils.MyListener -- ************************************
10:06:56.377 [Test worker] INFO  com.phonebook.tests.TestBase -- PASSED: addContactPositiveFromDataProviderTest
10:06:56.377 [Test worker] INFO  com.phonebook.tests.TestBase -- Stop test
10:06:56.377 [Test worker] INFO  com.phonebook.tests.TestBase -- *********************************************************
10:06:56.378 [Test worker] INFO  com.phonebook.tests.TestBase -- Start test addContactPositiveFromDataProviderTest[Lara, Kraft, 12345678901, Lara1@gm.com, Larnaca, QA]
10:06:56.379 [Test worker] INFO  com.phonebook.utils.MyListener -- Before find elements By.cssSelector: [href='/login']
10:06:56.379 [Test worker] INFO  com.phonebook.utils.MyListener -- ************************************
10:07:06.407 [Test worker] INFO  com.phonebook.utils.MyListener -- List size is 0
10:07:06.407 [Test worker] INFO  com.phonebook.utils.MyListener -- ************************************
10:07:06.408 [Test worker] INFO  com.phonebook.utils.MyListener -- The locator will find By.xpath: //button[.='Sign Out']
10:07:06.408 [Test worker] INFO  com.phonebook.utils.MyListener -- ************************************
10:07:06.433 [Test worker] INFO  com.phonebook.utils.MyListener -- The locator is By.xpath: //button[.='Sign Out']
10:07:06.434 [Test worker] INFO  com.phonebook.utils.MyListener -- ************************************
10:07:06.521 [Test worker] INFO  com.phonebook.utils.MyListener -- The locator will find By.cssSelector: [href='/login']
10:07:06.521 [Test worker] INFO  com.phonebook.utils.MyListener -- ************************************
10:07:06.530 [Test worker] INFO  com.phonebook.utils.MyListener -- The locator is By.cssSelector: [href='/login']
10:07:06.531 [Test worker] INFO  com.phonebook.utils.MyListener -- ************************************
10:07:06.593 [Test worker] INFO  com.phonebook.utils.MyListener -- The locator will find By.name: email
10:07:06.593 [Test worker] INFO  com.phonebook.utils.MyListener -- ************************************
10:07:06.602 [Test worker] INFO  com.phonebook.utils.MyListener -- The locator is By.name: email
10:07:06.604 [Test worker] INFO  com.phonebook.utils.MyListener -- ************************************
10:07:06.673 [Test worker] INFO  com.phonebook.utils.MyListener -- The locator will find By.name: email
10:07:06.673 [Test worker] INFO  com.phonebook.utils.MyListener -- ************************************
10:07:06.688 [Test worker] INFO  com.phonebook.utils.MyListener -- The locator is By.name: email
10:07:06.689 [Test worker] INFO  com.phonebook.utils.MyListener -- ************************************
10:07:06.721 [Test worker] INFO  com.phonebook.utils.MyListener -- The locator will find By.name: email
10:07:06.721 [Test worker] INFO  com.phonebook.utils.MyListener -- ************************************
10:07:06.740 [Test worker] INFO  com.phonebook.utils.MyListener -- The locator is By.name: email
10:07:06.741 [Test worker] INFO  com.phonebook.utils.MyListener -- ************************************
10:07:06.800 [Test worker] INFO  com.phonebook.utils.MyListener -- The locator will find By.name: password
10:07:06.800 [Test worker] INFO  com.phonebook.utils.MyListener -- ************************************
10:07:06.809 [Test worker] INFO  com.phonebook.utils.MyListener -- The locator is By.name: password
10:07:06.810 [Test worker] INFO  com.phonebook.utils.MyListener -- ************************************
10:07:06.874 [Test worker] INFO  com.phonebook.utils.MyListener -- The locator will find By.name: password
10:07:06.874 [Test worker] INFO  com.phonebook.utils.MyListener -- ************************************
10:07:06.884 [Test worker] INFO  com.phonebook.utils.MyListener -- The locator is By.name: password
10:07:06.884 [Test worker] INFO  com.phonebook.utils.MyListener -- ************************************
10:07:06.914 [Test worker] INFO  com.phonebook.utils.MyListener -- The locator will find By.name: password
10:07:06.914 [Test worker] INFO  com.phonebook.utils.MyListener -- ************************************
10:07:06.923 [Test worker] INFO  com.phonebook.utils.MyListener -- The locator is By.name: password
10:07:06.923 [Test worker] INFO  com.phonebook.utils.MyListener -- ************************************
10:07:06.967 [Test worker] INFO  com.phonebook.utils.MyListener -- The locator will find By.name: login
10:07:06.967 [Test worker] INFO  com.phonebook.utils.MyListener -- ************************************
10:07:06.978 [Test worker] INFO  com.phonebook.utils.MyListener -- The locator is By.name: login
10:07:06.978 [Test worker] INFO  com.phonebook.utils.MyListener -- ************************************
10:07:07.038 [Test worker] INFO  com.phonebook.utils.MyListener -- The locator will find By.cssSelector: [href='/add']
10:07:07.038 [Test worker] INFO  com.phonebook.utils.MyListener -- ************************************
10:07:07.309 [Test worker] INFO  com.phonebook.utils.MyListener -- The locator is By.cssSelector: [href='/add']
10:07:07.310 [Test worker] INFO  com.phonebook.utils.MyListener -- ************************************
10:07:07.398 [Test worker] INFO  com.phonebook.utils.MyListener -- The locator will find By.cssSelector: input:nth-child(1)
10:07:07.398 [Test worker] INFO  com.phonebook.utils.MyListener -- ************************************
10:07:07.412 [Test worker] INFO  com.phonebook.utils.MyListener -- The locator is By.cssSelector: input:nth-child(1)
10:07:07.413 [Test worker] INFO  com.phonebook.utils.MyListener -- ************************************
10:07:07.497 [Test worker] INFO  com.phonebook.utils.MyListener -- The locator will find By.cssSelector: input:nth-child(1)
10:07:07.497 [Test worker] INFO  com.phonebook.utils.MyListener -- ************************************
10:07:07.511 [Test worker] INFO  com.phonebook.utils.MyListener -- The locator is By.cssSelector: input:nth-child(1)
10:07:07.511 [Test worker] INFO  com.phonebook.utils.MyListener -- ************************************
10:07:07.552 [Test worker] INFO  com.phonebook.utils.MyListener -- The locator will find By.cssSelector: input:nth-child(1)
10:07:07.553 [Test worker] INFO  com.phonebook.utils.MyListener -- ************************************
10:07:07.565 [Test worker] INFO  com.phonebook.utils.MyListener -- The locator is By.cssSelector: input:nth-child(1)
10:07:07.566 [Test worker] INFO  com.phonebook.utils.MyListener -- ************************************
10:07:07.604 [Test worker] INFO  com.phonebook.utils.MyListener -- The locator will find By.cssSelector: input:nth-child(2)
10:07:07.605 [Test worker] INFO  com.phonebook.utils.MyListener -- ************************************
10:07:07.620 [Test worker] INFO  com.phonebook.utils.MyListener -- The locator is By.cssSelector: input:nth-child(2)
10:07:07.620 [Test worker] INFO  com.phonebook.utils.MyListener -- ************************************
10:07:07.696 [Test worker] INFO  com.phonebook.utils.MyListener -- The locator will find By.cssSelector: input:nth-child(2)
10:07:07.696 [Test worker] INFO  com.phonebook.utils.MyListener -- ************************************
10:07:07.706 [Test worker] INFO  com.phonebook.utils.MyListener -- The locator is By.cssSelector: input:nth-child(2)
10:07:07.707 [Test worker] INFO  com.phonebook.utils.MyListener -- ************************************
10:07:07.749 [Test worker] INFO  com.phonebook.utils.MyListener -- The locator will find By.cssSelector: input:nth-child(2)
10:07:07.749 [Test worker] INFO  com.phonebook.utils.MyListener -- ************************************
10:07:07.761 [Test worker] INFO  com.phonebook.utils.MyListener -- The locator is By.cssSelector: input:nth-child(2)
10:07:07.762 [Test worker] INFO  com.phonebook.utils.MyListener -- ************************************
10:07:07.808 [Test worker] INFO  com.phonebook.utils.MyListener -- The locator will find By.cssSelector: input:nth-child(3)
10:07:07.808 [Test worker] INFO  com.phonebook.utils.MyListener -- ************************************
10:07:07.820 [Test worker] INFO  com.phonebook.utils.MyListener -- The locator is By.cssSelector: input:nth-child(3)
10:07:07.820 [Test worker] INFO  com.phonebook.utils.MyListener -- ************************************
10:07:07.891 [Test worker] INFO  com.phonebook.utils.MyListener -- The locator will find By.cssSelector: input:nth-child(3)
10:07:07.891 [Test worker] INFO  com.phonebook.utils.MyListener -- ************************************
10:07:07.902 [Test worker] INFO  com.phonebook.utils.MyListener -- The locator is By.cssSelector: input:nth-child(3)
10:07:07.903 [Test worker] INFO  com.phonebook.utils.MyListener -- ************************************
10:07:07.935 [Test worker] INFO  com.phonebook.utils.MyListener -- The locator will find By.cssSelector: input:nth-child(3)
10:07:07.935 [Test worker] INFO  com.phonebook.utils.MyListener -- ************************************
10:07:07.949 [Test worker] INFO  com.phonebook.utils.MyListener -- The locator is By.cssSelector: input:nth-child(3)
10:07:07.949 [Test worker] INFO  com.phonebook.utils.MyListener -- ************************************
10:07:07.997 [Test worker] INFO  com.phonebook.utils.MyListener -- The locator will find By.cssSelector: input:nth-child(4)
10:07:07.997 [Test worker] INFO  com.phonebook.utils.MyListener -- ************************************
10:07:08.007 [Test worker] INFO  com.phonebook.utils.MyListener -- The locator is By.cssSelector: input:nth-child(4)
10:07:08.009 [Test worker] INFO  com.phonebook.utils.MyListener -- ************************************
10:07:08.077 [Test worker] INFO  com.phonebook.utils.MyListener -- The locator will find By.cssSelector: input:nth-child(4)
10:07:08.079 [Test worker] INFO  com.phonebook.utils.MyListener -- ************************************
10:07:08.089 [Test worker] INFO  com.phonebook.utils.MyListener -- The locator is By.cssSelector: input:nth-child(4)
10:07:08.089 [Test worker] INFO  com.phonebook.utils.MyListener -- ************************************
10:07:08.123 [Test worker] INFO  com.phonebook.utils.MyListener -- The locator will find By.cssSelector: input:nth-child(4)
10:07:08.123 [Test worker] INFO  com.phonebook.utils.MyListener -- ************************************
10:07:08.133 [Test worker] INFO  com.phonebook.utils.MyListener -- The locator is By.cssSelector: input:nth-child(4)
10:07:08.133 [Test worker] INFO  com.phonebook.utils.MyListener -- ************************************
10:07:08.184 [Test worker] INFO  com.phonebook.utils.MyListener -- The locator will find By.cssSelector: input:nth-child(5)
10:07:08.184 [Test worker] INFO  com.phonebook.utils.MyListener -- ************************************
10:07:08.194 [Test worker] INFO  com.phonebook.utils.MyListener -- The locator is By.cssSelector: input:nth-child(5)
10:07:08.194 [Test worker] INFO  com.phonebook.utils.MyListener -- ************************************
10:07:08.267 [Test worker] INFO  com.phonebook.utils.MyListener -- The locator will find By.cssSelector: input:nth-child(5)
10:07:08.267 [Test worker] INFO  com.phonebook.utils.MyListener -- ************************************
10:07:08.277 [Test worker] INFO  com.phonebook.utils.MyListener -- The locator is By.cssSelector: input:nth-child(5)
10:07:08.277 [Test worker] INFO  com.phonebook.utils.MyListener -- ************************************
10:07:08.308 [Test worker] INFO  com.phonebook.utils.MyListener -- The locator will find By.cssSelector: input:nth-child(5)
10:07:08.308 [Test worker] INFO  com.phonebook.utils.MyListener -- ************************************
10:07:08.318 [Test worker] INFO  com.phonebook.utils.MyListener -- The locator is By.cssSelector: input:nth-child(5)
10:07:08.319 [Test worker] INFO  com.phonebook.utils.MyListener -- ************************************
10:07:08.356 [Test worker] INFO  com.phonebook.utils.MyListener -- The locator will find By.cssSelector: input:nth-child(6)
10:07:08.356 [Test worker] INFO  com.phonebook.utils.MyListener -- ************************************
10:07:08.368 [Test worker] INFO  com.phonebook.utils.MyListener -- The locator is By.cssSelector: input:nth-child(6)
10:07:08.368 [Test worker] INFO  com.phonebook.utils.MyListener -- ************************************
10:07:08.436 [Test worker] INFO  com.phonebook.utils.MyListener -- The locator will find By.cssSelector: input:nth-child(6)
10:07:08.436 [Test worker] INFO  com.phonebook.utils.MyListener -- ************************************
10:07:08.446 [Test worker] INFO  com.phonebook.utils.MyListener -- The locator is By.cssSelector: input:nth-child(6)
10:07:08.446 [Test worker] INFO  com.phonebook.utils.MyListener -- ************************************
10:07:08.480 [Test worker] INFO  com.phonebook.utils.MyListener -- The locator will find By.cssSelector: input:nth-child(6)
10:07:08.480 [Test worker] INFO  com.phonebook.utils.MyListener -- ************************************
10:07:08.490 [Test worker] INFO  com.phonebook.utils.MyListener -- The locator is By.cssSelector: input:nth-child(6)
10:07:08.490 [Test worker] INFO  com.phonebook.utils.MyListener -- ************************************
10:07:08.523 [Test worker] INFO  com.phonebook.utils.MyListener -- The locator will find By.cssSelector: .add_main__1tbl_ button
10:07:08.523 [Test worker] INFO  com.phonebook.utils.MyListener -- ************************************
10:07:08.533 [Test worker] INFO  com.phonebook.utils.MyListener -- The locator is By.cssSelector: .add_main__1tbl_ button
10:07:08.533 [Test worker] INFO  com.phonebook.utils.MyListener -- ************************************
10:07:08.598 [Test worker] INFO  com.phonebook.utils.MyListener -- Before find elements By.cssSelector: h2
10:07:08.598 [Test worker] INFO  com.phonebook.utils.MyListener -- ************************************
10:07:09.061 [Test worker] INFO  com.phonebook.utils.MyListener -- List size is 14
10:07:09.061 [Test worker] INFO  com.phonebook.utils.MyListener -- ************************************
10:07:09.115 [Test worker] INFO  com.phonebook.utils.MyListener -- The locator will find By.cssSelector: .contact-item_card__2SOIM
10:07:09.115 [Test worker] INFO  com.phonebook.utils.MyListener -- ************************************
10:07:09.123 [Test worker] INFO  com.phonebook.utils.MyListener -- The locator is By.cssSelector: .contact-item_card__2SOIM
10:07:09.124 [Test worker] INFO  com.phonebook.utils.MyListener -- ************************************
10:07:09.192 [Test worker] INFO  com.phonebook.utils.MyListener -- The locator will find By.xpath: //button[.='Remove']
10:07:09.192 [Test worker] INFO  com.phonebook.utils.MyListener -- ************************************
10:07:09.201 [Test worker] INFO  com.phonebook.utils.MyListener -- The locator is By.xpath: //button[.='Remove']
10:07:09.201 [Test worker] INFO  com.phonebook.utils.MyListener -- ************************************
10:07:09.272 [Test worker] INFO  com.phonebook.tests.TestBase -- PASSED: addContactPositiveFromDataProviderTest
10:07:09.272 [Test worker] INFO  com.phonebook.tests.TestBase -- Stop test
10:07:09.272 [Test worker] INFO  com.phonebook.tests.TestBase -- *********************************************************
10:07:09.273 [Test worker] INFO  com.phonebook.tests.TestBase -- Start test addContactPositiveFromDataProviderTest[Lara, Kraft, 123456789012, Lara2@gm.com, Larnaca, QA]
10:07:09.274 [Test worker] INFO  com.phonebook.utils.MyListener -- Before find elements By.cssSelector: [href='/login']
10:07:09.274 [Test worker] INFO  com.phonebook.utils.MyListener -- ************************************
10:07:19.295 [Test worker] INFO  com.phonebook.utils.MyListener -- List size is 0
10:07:19.295 [Test worker] INFO  com.phonebook.utils.MyListener -- ************************************
10:07:19.295 [Test worker] INFO  com.phonebook.utils.MyListener -- The locator will find By.xpath: //button[.='Sign Out']
10:07:19.295 [Test worker] INFO  com.phonebook.utils.MyListener -- ************************************
10:07:19.308 [Test worker] INFO  com.phonebook.utils.MyListener -- The locator is By.xpath: //button[.='Sign Out']
10:07:19.308 [Test worker] INFO  com.phonebook.utils.MyListener -- ************************************
10:07:19.386 [Test worker] INFO  com.phonebook.utils.MyListener -- The locator will find By.cssSelector: [href='/login']
10:07:19.386 [Test worker] INFO  com.phonebook.utils.MyListener -- ************************************
10:07:19.395 [Test worker] INFO  com.phonebook.utils.MyListener -- The locator is By.cssSelector: [href='/login']
10:07:19.396 [Test worker] INFO  com.phonebook.utils.MyListener -- ************************************
10:07:19.490 [Test worker] INFO  com.phonebook.utils.MyListener -- The locator will find By.name: email
10:07:19.490 [Test worker] INFO  com.phonebook.utils.MyListener -- ************************************
10:07:19.503 [Test worker] INFO  com.phonebook.utils.MyListener -- The locator is By.name: email
10:07:19.503 [Test worker] INFO  com.phonebook.utils.MyListener -- ************************************
10:07:19.576 [Test worker] INFO  com.phonebook.utils.MyListener -- The locator will find By.name: email
10:07:19.576 [Test worker] INFO  com.phonebook.utils.MyListener -- ************************************
10:07:19.585 [Test worker] INFO  com.phonebook.utils.MyListener -- The locator is By.name: email
10:07:19.585 [Test worker] INFO  com.phonebook.utils.MyListener -- ************************************
10:07:19.615 [Test worker] INFO  com.phonebook.utils.MyListener -- The locator will find By.name: email
10:07:19.616 [Test worker] INFO  com.phonebook.utils.MyListener -- ************************************
10:07:19.626 [Test worker] INFO  com.phonebook.utils.MyListener -- The locator is By.name: email
10:07:19.626 [Test worker] INFO  com.phonebook.utils.MyListener -- ************************************
10:07:19.670 [Test worker] INFO  com.phonebook.utils.MyListener -- The locator will find By.name: password
10:07:19.670 [Test worker] INFO  com.phonebook.utils.MyListener -- ************************************
10:07:19.680 [Test worker] INFO  com.phonebook.utils.MyListener -- The locator is By.name: password
10:07:19.680 [Test worker] INFO  com.phonebook.utils.MyListener -- ************************************
10:07:19.756 [Test worker] INFO  com.phonebook.utils.MyListener -- The locator will find By.name: password
10:07:19.757 [Test worker] INFO  com.phonebook.utils.MyListener -- ************************************
10:07:19.766 [Test worker] INFO  com.phonebook.utils.MyListener -- The locator is By.name: password
10:07:19.766 [Test worker] INFO  com.phonebook.utils.MyListener -- ************************************
10:07:19.801 [Test worker] INFO  com.phonebook.utils.MyListener -- The locator will find By.name: password
10:07:19.801 [Test worker] INFO  com.phonebook.utils.MyListener -- ************************************
10:07:19.814 [Test worker] INFO  com.phonebook.utils.MyListener -- The locator is By.name: password
10:07:19.815 [Test worker] INFO  com.phonebook.utils.MyListener -- ************************************
10:07:19.861 [Test worker] INFO  com.phonebook.utils.MyListener -- The locator will find By.name: login
10:07:19.861 [Test worker] INFO  com.phonebook.utils.MyListener -- ************************************
10:07:19.871 [Test worker] INFO  com.phonebook.utils.MyListener -- The locator is By.name: login
10:07:19.871 [Test worker] INFO  com.phonebook.utils.MyListener -- ************************************
10:07:19.940 [Test worker] INFO  com.phonebook.utils.MyListener -- The locator will find By.cssSelector: [href='/add']
10:07:19.941 [Test worker] INFO  com.phonebook.utils.MyListener -- ************************************
10:07:20.230 [Test worker] INFO  com.phonebook.utils.MyListener -- The locator is By.cssSelector: [href='/add']
10:07:20.231 [Test worker] INFO  com.phonebook.utils.MyListener -- ************************************
10:07:20.324 [Test worker] INFO  com.phonebook.utils.MyListener -- The locator will find By.cssSelector: input:nth-child(1)
10:07:20.324 [Test worker] INFO  com.phonebook.utils.MyListener -- ************************************
10:07:20.335 [Test worker] INFO  com.phonebook.utils.MyListener -- The locator is By.cssSelector: input:nth-child(1)
10:07:20.335 [Test worker] INFO  com.phonebook.utils.MyListener -- ************************************
10:07:20.413 [Test worker] INFO  com.phonebook.utils.MyListener -- The locator will find By.cssSelector: input:nth-child(1)
10:07:20.413 [Test worker] INFO  com.phonebook.utils.MyListener -- ************************************
10:07:20.424 [Test worker] INFO  com.phonebook.utils.MyListener -- The locator is By.cssSelector: input:nth-child(1)
10:07:20.424 [Test worker] INFO  com.phonebook.utils.MyListener -- ************************************
10:07:20.452 [Test worker] INFO  com.phonebook.utils.MyListener -- The locator will find By.cssSelector: input:nth-child(1)
10:07:20.452 [Test worker] INFO  com.phonebook.utils.MyListener -- ************************************
10:07:20.463 [Test worker] INFO  com.phonebook.utils.MyListener -- The locator is By.cssSelector: input:nth-child(1)
10:07:20.463 [Test worker] INFO  com.phonebook.utils.MyListener -- ************************************
10:07:20.495 [Test worker] INFO  com.phonebook.utils.MyListener -- The locator will find By.cssSelector: input:nth-child(2)
10:07:20.495 [Test worker] INFO  com.phonebook.utils.MyListener -- ************************************
10:07:20.503 [Test worker] INFO  com.phonebook.utils.MyListener -- The locator is By.cssSelector: input:nth-child(2)
10:07:20.503 [Test worker] INFO  com.phonebook.utils.MyListener -- ************************************
10:07:20.561 [Test worker] INFO  com.phonebook.utils.MyListener -- The locator will find By.cssSelector: input:nth-child(2)
10:07:20.561 [Test worker] INFO  com.phonebook.utils.MyListener -- ************************************
10:07:20.571 [Test worker] INFO  com.phonebook.utils.MyListener -- The locator is By.cssSelector: input:nth-child(2)
10:07:20.572 [Test worker] INFO  com.phonebook.utils.MyListener -- ************************************
10:07:20.614 [Test worker] INFO  com.phonebook.utils.MyListener -- The locator will find By.cssSelector: input:nth-child(2)
10:07:20.615 [Test worker] INFO  com.phonebook.utils.MyListener -- ************************************
10:07:20.634 [Test worker] INFO  com.phonebook.utils.MyListener -- The locator is By.cssSelector: input:nth-child(2)
10:07:20.635 [Test worker] INFO  com.phonebook.utils.MyListener -- ************************************
10:07:20.676 [Test worker] INFO  com.phonebook.utils.MyListener -- The locator will find By.cssSelector: input:nth-child(3)
10:07:20.676 [Test worker] INFO  com.phonebook.utils.MyListener -- ************************************
10:07:20.686 [Test worker] INFO  com.phonebook.utils.MyListener -- The locator is By.cssSelector: input:nth-child(3)
10:07:20.687 [Test worker] INFO  com.phonebook.utils.MyListener -- ************************************
10:07:20.751 [Test worker] INFO  com.phonebook.utils.MyListener -- The locator will find By.cssSelector: input:nth-child(3)
10:07:20.752 [Test worker] INFO  com.phonebook.utils.MyListener -- ************************************
10:07:20.781 [Test worker] INFO  com.phonebook.utils.MyListener -- The locator is By.cssSelector: input:nth-child(3)
10:07:20.783 [Test worker] INFO  com.phonebook.utils.MyListener -- ************************************
10:07:20.811 [Test worker] INFO  com.phonebook.utils.MyListener -- The locator will find By.cssSelector: input:nth-child(3)
10:07:20.811 [Test worker] INFO  com.phonebook.utils.MyListener -- ************************************
10:07:20.826 [Test worker] INFO  com.phonebook.utils.MyListener -- The locator is By.cssSelector: input:nth-child(3)
10:07:20.826 [Test worker] INFO  com.phonebook.utils.MyListener -- ************************************
10:07:20.888 [Test worker] INFO  com.phonebook.utils.MyListener -- The locator will find By.cssSelector: input:nth-child(4)
10:07:20.888 [Test worker] INFO  com.phonebook.utils.MyListener -- ************************************
10:07:20.900 [Test worker] INFO  com.phonebook.utils.MyListener -- The locator is By.cssSelector: input:nth-child(4)
10:07:20.901 [Test worker] INFO  com.phonebook.utils.MyListener -- ************************************
10:07:20.971 [Test worker] INFO  com.phonebook.utils.MyListener -- The locator will find By.cssSelector: input:nth-child(4)
10:07:20.973 [Test worker] INFO  com.phonebook.utils.MyListener -- ************************************
10:07:20.984 [Test worker] INFO  com.phonebook.utils.MyListener -- The locator is By.cssSelector: input:nth-child(4)
10:07:20.984 [Test worker] INFO  com.phonebook.utils.MyListener -- ************************************
10:07:21.013 [Test worker] INFO  com.phonebook.utils.MyListener -- The locator will find By.cssSelector: input:nth-child(4)
10:07:21.014 [Test worker] INFO  com.phonebook.utils.MyListener -- ************************************
10:07:21.024 [Test worker] INFO  com.phonebook.utils.MyListener -- The locator is By.cssSelector: input:nth-child(4)
10:07:21.025 [Test worker] INFO  com.phonebook.utils.MyListener -- ************************************
10:07:21.070 [Test worker] INFO  com.phonebook.utils.MyListener -- The locator will find By.cssSelector: input:nth-child(5)
10:07:21.071 [Test worker] INFO  com.phonebook.utils.MyListener -- ************************************
10:07:21.083 [Test worker] INFO  com.phonebook.utils.MyListener -- The locator is By.cssSelector: input:nth-child(5)
10:07:21.084 [Test worker] INFO  com.phonebook.utils.MyListener -- ************************************
10:07:21.146 [Test worker] INFO  com.phonebook.utils.MyListener -- The locator will find By.cssSelector: input:nth-child(5)
10:07:21.146 [Test worker] INFO  com.phonebook.utils.MyListener -- ************************************
10:07:21.155 [Test worker] INFO  com.phonebook.utils.MyListener -- The locator is By.cssSelector: input:nth-child(5)
10:07:21.155 [Test worker] INFO  com.phonebook.utils.MyListener -- ************************************
10:07:21.183 [Test worker] INFO  com.phonebook.utils.MyListener -- The locator will find By.cssSelector: input:nth-child(5)
10:07:21.183 [Test worker] INFO  com.phonebook.utils.MyListener -- ************************************
10:07:21.190 [Test worker] INFO  com.phonebook.utils.MyListener -- The locator is By.cssSelector: input:nth-child(5)
10:07:21.190 [Test worker] INFO  com.phonebook.utils.MyListener -- ************************************
10:07:21.227 [Test worker] INFO  com.phonebook.utils.MyListener -- The locator will find By.cssSelector: input:nth-child(6)
10:07:21.227 [Test worker] INFO  com.phonebook.utils.MyListener -- ************************************
10:07:21.243 [Test worker] INFO  com.phonebook.utils.MyListener -- The locator is By.cssSelector: input:nth-child(6)
10:07:21.243 [Test worker] INFO  com.phonebook.utils.MyListener -- ************************************
10:07:21.310 [Test worker] INFO  com.phonebook.utils.MyListener -- The locator will find By.cssSelector: input:nth-child(6)
10:07:21.310 [Test worker] INFO  com.phonebook.utils.MyListener -- ************************************
10:07:21.319 [Test worker] INFO  com.phonebook.utils.MyListener -- The locator is By.cssSelector: input:nth-child(6)
10:07:21.319 [Test worker] INFO  com.phonebook.utils.MyListener -- ************************************
10:07:21.353 [Test worker] INFO  com.phonebook.utils.MyListener -- The locator will find By.cssSelector: input:nth-child(6)
10:07:21.353 [Test worker] INFO  com.phonebook.utils.MyListener -- ************************************
10:07:21.361 [Test worker] INFO  com.phonebook.utils.MyListener -- The locator is By.cssSelector: input:nth-child(6)
10:07:21.361 [Test worker] INFO  com.phonebook.utils.MyListener -- ************************************
10:07:21.391 [Test worker] INFO  com.phonebook.utils.MyListener -- The locator will find By.cssSelector: .add_main__1tbl_ button
10:07:21.391 [Test worker] INFO  com.phonebook.utils.MyListener -- ************************************
10:07:21.401 [Test worker] INFO  com.phonebook.utils.MyListener -- The locator is By.cssSelector: .add_main__1tbl_ button
10:07:21.401 [Test worker] INFO  com.phonebook.utils.MyListener -- ************************************
10:07:21.466 [Test worker] INFO  com.phonebook.utils.MyListener -- Before find elements By.cssSelector: h2
10:07:21.467 [Test worker] INFO  com.phonebook.utils.MyListener -- ************************************
10:07:21.819 [Test worker] INFO  com.phonebook.utils.MyListener -- List size is 14
10:07:21.821 [Test worker] INFO  com.phonebook.utils.MyListener -- ************************************
10:07:21.883 [Test worker] INFO  com.phonebook.utils.MyListener -- The locator will find By.cssSelector: .contact-item_card__2SOIM
10:07:21.883 [Test worker] INFO  com.phonebook.utils.MyListener -- ************************************
10:07:21.908 [Test worker] INFO  com.phonebook.utils.MyListener -- The locator is By.cssSelector: .contact-item_card__2SOIM
10:07:21.908 [Test worker] INFO  com.phonebook.utils.MyListener -- ************************************
10:07:22.056 [Test worker] INFO  com.phonebook.utils.MyListener -- The locator will find By.xpath: //button[.='Remove']
10:07:22.056 [Test worker] INFO  com.phonebook.utils.MyListener -- ************************************
10:07:22.073 [Test worker] INFO  com.phonebook.utils.MyListener -- The locator is By.xpath: //button[.='Remove']
10:07:22.073 [Test worker] INFO  com.phonebook.utils.MyListener -- ************************************
10:07:22.174 [Test worker] INFO  com.phonebook.tests.TestBase -- PASSED: addContactPositiveFromDataProviderTest
10:07:22.174 [Test worker] INFO  com.phonebook.tests.TestBase -- Stop test
10:07:22.174 [Test worker] INFO  com.phonebook.tests.TestBase -- *********************************************************
10:07:22.180 [Test worker] INFO  com.phonebook.tests.TestBase -- Start test addContactPositiveFromDataProviderWithCsvFileTest[Contact{phone='1234567890', name='Klara'}]
10:07:22.182 [Test worker] INFO  com.phonebook.utils.MyListener -- Before find elements By.cssSelector: [href='/login']
10:07:22.183 [Test worker] INFO  com.phonebook.utils.MyListener -- ************************************
10:07:32.247 [Test worker] INFO  com.phonebook.utils.MyListener -- List size is 0
10:07:32.247 [Test worker] INFO  com.phonebook.utils.MyListener -- ************************************
10:07:32.248 [Test worker] INFO  com.phonebook.utils.MyListener -- The locator will find By.xpath: //button[.='Sign Out']
10:07:32.248 [Test worker] INFO  com.phonebook.utils.MyListener -- ************************************
10:07:32.261 [Test worker] INFO  com.phonebook.utils.MyListener -- The locator is By.xpath: //button[.='Sign Out']
10:07:32.261 [Test worker] INFO  com.phonebook.utils.MyListener -- ************************************
10:07:32.321 [Test worker] INFO  com.phonebook.utils.MyListener -- The locator will find By.cssSelector: [href='/login']
10:07:32.322 [Test worker] INFO  com.phonebook.utils.MyListener -- ************************************
10:07:32.334 [Test worker] INFO  com.phonebook.utils.MyListener -- The locator is By.cssSelector: [href='/login']
10:07:32.334 [Test worker] INFO  com.phonebook.utils.MyListener -- ************************************
10:07:32.399 [Test worker] INFO  com.phonebook.utils.MyListener -- The locator will find By.name: email
10:07:32.399 [Test worker] INFO  com.phonebook.utils.MyListener -- ************************************
10:07:32.407 [Test worker] INFO  com.phonebook.utils.MyListener -- The locator is By.name: email
10:07:32.407 [Test worker] INFO  com.phonebook.utils.MyListener -- ************************************
10:07:32.471 [Test worker] INFO  com.phonebook.utils.MyListener -- The locator will find By.name: email
10:07:32.473 [Test worker] INFO  com.phonebook.utils.MyListener -- ************************************
10:07:32.484 [Test worker] INFO  com.phonebook.utils.MyListener -- The locator is By.name: email
10:07:32.485 [Test worker] INFO  com.phonebook.utils.MyListener -- ************************************
10:07:32.518 [Test worker] INFO  com.phonebook.utils.MyListener -- The locator will find By.name: email
10:07:32.518 [Test worker] INFO  com.phonebook.utils.MyListener -- ************************************
10:07:32.529 [Test worker] INFO  com.phonebook.utils.MyListener -- The locator is By.name: email
10:07:32.529 [Test worker] INFO  com.phonebook.utils.MyListener -- ************************************
10:07:32.579 [Test worker] INFO  com.phonebook.utils.MyListener -- The locator will find By.name: password
10:07:32.579 [Test worker] INFO  com.phonebook.utils.MyListener -- ************************************
10:07:32.588 [Test worker] INFO  com.phonebook.utils.MyListener -- The locator is By.name: password
10:07:32.588 [Test worker] INFO  com.phonebook.utils.MyListener -- ************************************
10:07:32.657 [Test worker] INFO  com.phonebook.utils.MyListener -- The locator will find By.name: password
10:07:32.657 [Test worker] INFO  com.phonebook.utils.MyListener -- ************************************
10:07:32.666 [Test worker] INFO  com.phonebook.utils.MyListener -- The locator is By.name: password
10:07:32.666 [Test worker] INFO  com.phonebook.utils.MyListener -- ************************************
10:07:32.695 [Test worker] INFO  com.phonebook.utils.MyListener -- The locator will find By.name: password
10:07:32.695 [Test worker] INFO  com.phonebook.utils.MyListener -- ************************************
10:07:32.704 [Test worker] INFO  com.phonebook.utils.MyListener -- The locator is By.name: password
10:07:32.704 [Test worker] INFO  com.phonebook.utils.MyListener -- ************************************
10:07:32.743 [Test worker] INFO  com.phonebook.utils.MyListener -- The locator will find By.name: login
10:07:32.743 [Test worker] INFO  com.phonebook.utils.MyListener -- ************************************
10:07:32.753 [Test worker] INFO  com.phonebook.utils.MyListener -- The locator is By.name: login
10:07:32.753 [Test worker] INFO  com.phonebook.utils.MyListener -- ************************************
10:07:32.818 [Test worker] INFO  com.phonebook.utils.MyListener -- The locator will find By.cssSelector: [href='/add']
10:07:32.818 [Test worker] INFO  com.phonebook.utils.MyListener -- ************************************
10:07:33.084 [Test worker] INFO  com.phonebook.utils.MyListener -- The locator is By.cssSelector: [href='/add']
10:07:33.084 [Test worker] INFO  com.phonebook.utils.MyListener -- ************************************
10:07:33.147 [Test worker] INFO  com.phonebook.utils.MyListener -- The locator will find By.cssSelector: input:nth-child(1)
10:07:33.147 [Test worker] INFO  com.phonebook.utils.MyListener -- ************************************
10:07:33.155 [Test worker] INFO  com.phonebook.utils.MyListener -- The locator is By.cssSelector: input:nth-child(1)
10:07:33.155 [Test worker] INFO  com.phonebook.utils.MyListener -- ************************************
10:07:33.218 [Test worker] INFO  com.phonebook.utils.MyListener -- The locator will find By.cssSelector: input:nth-child(1)
10:07:33.218 [Test worker] INFO  com.phonebook.utils.MyListener -- ************************************
10:07:33.227 [Test worker] INFO  com.phonebook.utils.MyListener -- The locator is By.cssSelector: input:nth-child(1)
10:07:33.227 [Test worker] INFO  com.phonebook.utils.MyListener -- ************************************
10:07:33.255 [Test worker] INFO  com.phonebook.utils.MyListener -- The locator will find By.cssSelector: input:nth-child(1)
10:07:33.256 [Test worker] INFO  com.phonebook.utils.MyListener -- ************************************
10:07:33.264 [Test worker] INFO  com.phonebook.utils.MyListener -- The locator is By.cssSelector: input:nth-child(1)
10:07:33.264 [Test worker] INFO  com.phonebook.utils.MyListener -- ************************************
10:07:33.296 [Test worker] INFO  com.phonebook.utils.MyListener -- The locator will find By.cssSelector: input:nth-child(2)
10:07:33.296 [Test worker] INFO  com.phonebook.utils.MyListener -- ************************************
10:07:33.305 [Test worker] INFO  com.phonebook.utils.MyListener -- The locator is By.cssSelector: input:nth-child(2)
10:07:33.305 [Test worker] INFO  com.phonebook.utils.MyListener -- ************************************
10:07:33.368 [Test worker] INFO  com.phonebook.utils.MyListener -- The locator will find By.cssSelector: input:nth-child(2)
10:07:33.368 [Test worker] INFO  com.phonebook.utils.MyListener -- ************************************
10:07:33.377 [Test worker] INFO  com.phonebook.utils.MyListener -- The locator is By.cssSelector: input:nth-child(2)
10:07:33.378 [Test worker] INFO  com.phonebook.utils.MyListener -- ************************************
10:07:33.403 [Test worker] INFO  com.phonebook.utils.MyListener -- The locator will find By.cssSelector: input:nth-child(2)
10:07:33.404 [Test worker] INFO  com.phonebook.utils.MyListener -- ************************************
10:07:33.412 [Test worker] INFO  com.phonebook.utils.MyListener -- The locator is By.cssSelector: input:nth-child(2)
10:07:33.412 [Test worker] INFO  com.phonebook.utils.MyListener -- ************************************
10:07:33.442 [Test worker] INFO  com.phonebook.utils.MyListener -- The locator will find By.cssSelector: input:nth-child(3)
10:07:33.442 [Test worker] INFO  com.phonebook.utils.MyListener -- ************************************
10:07:33.449 [Test worker] INFO  com.phonebook.utils.MyListener -- The locator is By.cssSelector: input:nth-child(3)
10:07:33.449 [Test worker] INFO  com.phonebook.utils.MyListener -- ************************************
10:07:33.512 [Test worker] INFO  com.phonebook.utils.MyListener -- The locator will find By.cssSelector: input:nth-child(3)
10:07:33.512 [Test worker] INFO  com.phonebook.utils.MyListener -- ************************************
10:07:33.521 [Test worker] INFO  com.phonebook.utils.MyListener -- The locator is By.cssSelector: input:nth-child(3)
10:07:33.521 [Test worker] INFO  com.phonebook.utils.MyListener -- ************************************
10:07:33.548 [Test worker] INFO  com.phonebook.utils.MyListener -- The locator will find By.cssSelector: input:nth-child(3)
10:07:33.548 [Test worker] INFO  com.phonebook.utils.MyListener -- ************************************
10:07:33.556 [Test worker] INFO  com.phonebook.utils.MyListener -- The locator is By.cssSelector: input:nth-child(3)
10:07:33.557 [Test worker] INFO  com.phonebook.utils.MyListener -- ************************************
10:07:33.626 [Test worker] INFO  com.phonebook.utils.MyListener -- The locator will find By.cssSelector: input:nth-child(4)
10:07:33.627 [Test worker] INFO  com.phonebook.utils.MyListener -- ************************************
10:07:33.655 [Test worker] INFO  com.phonebook.utils.MyListener -- The locator is By.cssSelector: input:nth-child(4)
10:07:33.655 [Test worker] INFO  com.phonebook.utils.MyListener -- ************************************
10:07:33.742 [Test worker] INFO  com.phonebook.utils.MyListener -- The locator will find By.cssSelector: input:nth-child(4)
10:07:33.742 [Test worker] INFO  com.phonebook.utils.MyListener -- ************************************
10:07:33.751 [Test worker] INFO  com.phonebook.utils.MyListener -- The locator is By.cssSelector: input:nth-child(4)
10:07:33.751 [Test worker] INFO  com.phonebook.utils.MyListener -- ************************************
10:07:33.777 [Test worker] INFO  com.phonebook.utils.MyListener -- The locator will find By.cssSelector: input:nth-child(4)
10:07:33.777 [Test worker] INFO  com.phonebook.utils.MyListener -- ************************************
10:07:33.786 [Test worker] INFO  com.phonebook.utils.MyListener -- The locator is By.cssSelector: input:nth-child(4)
10:07:33.786 [Test worker] INFO  com.phonebook.utils.MyListener -- ************************************
10:07:33.822 [Test worker] INFO  com.phonebook.utils.MyListener -- The locator will find By.cssSelector: input:nth-child(5)
10:07:33.822 [Test worker] INFO  com.phonebook.utils.MyListener -- ************************************
10:07:33.835 [Test worker] INFO  com.phonebook.utils.MyListener -- The locator is By.cssSelector: input:nth-child(5)
10:07:33.836 [Test worker] INFO  com.phonebook.utils.MyListener -- ************************************
10:07:33.904 [Test worker] INFO  com.phonebook.utils.MyListener -- The locator will find By.cssSelector: input:nth-child(5)
10:07:33.904 [Test worker] INFO  com.phonebook.utils.MyListener -- ************************************
10:07:33.919 [Test worker] INFO  com.phonebook.utils.MyListener -- The locator is By.cssSelector: input:nth-child(5)
10:07:33.919 [Test worker] INFO  com.phonebook.utils.MyListener -- ************************************
10:07:33.956 [Test worker] INFO  com.phonebook.utils.MyListener -- The locator will find By.cssSelector: input:nth-child(5)
10:07:33.956 [Test worker] INFO  com.phonebook.utils.MyListener -- ************************************
10:07:33.966 [Test worker] INFO  com.phonebook.utils.MyListener -- The locator is By.cssSelector: input:nth-child(5)
10:07:33.966 [Test worker] INFO  com.phonebook.utils.MyListener -- ************************************
10:07:34.006 [Test worker] INFO  com.phonebook.utils.MyListener -- The locator will find By.cssSelector: input:nth-child(6)
10:07:34.007 [Test worker] INFO  com.phonebook.utils.MyListener -- ************************************
10:07:34.016 [Test worker] INFO  com.phonebook.utils.MyListener -- The locator is By.cssSelector: input:nth-child(6)
10:07:34.017 [Test worker] INFO  com.phonebook.utils.MyListener -- ************************************
10:07:34.135 [Test worker] INFO  com.phonebook.utils.MyListener -- The locator will find By.cssSelector: input:nth-child(6)
10:07:34.135 [Test worker] INFO  com.phonebook.utils.MyListener -- ************************************
10:07:34.151 [Test worker] INFO  com.phonebook.utils.MyListener -- The locator is By.cssSelector: input:nth-child(6)
10:07:34.151 [Test worker] INFO  com.phonebook.utils.MyListener -- ************************************
10:07:34.222 [Test worker] INFO  com.phonebook.utils.MyListener -- The locator will find By.cssSelector: input:nth-child(6)
10:07:34.222 [Test worker] INFO  com.phonebook.utils.MyListener -- ************************************
10:07:34.254 [Test worker] INFO  com.phonebook.utils.MyListener -- The locator is By.cssSelector: input:nth-child(6)
10:07:34.254 [Test worker] INFO  com.phonebook.utils.MyListener -- ************************************
10:07:34.326 [Test worker] INFO  com.phonebook.utils.MyListener -- The locator will find By.cssSelector: .add_main__1tbl_ button
10:07:34.326 [Test worker] INFO  com.phonebook.utils.MyListener -- ************************************
10:07:34.352 [Test worker] INFO  com.phonebook.utils.MyListener -- The locator is By.cssSelector: .add_main__1tbl_ button
10:07:34.353 [Test worker] INFO  com.phonebook.utils.MyListener -- ************************************
10:07:34.475 [Test worker] INFO  com.phonebook.utils.MyListener -- Before find elements By.cssSelector: h2
10:07:34.475 [Test worker] INFO  com.phonebook.utils.MyListener -- ************************************
10:07:34.896 [Test worker] INFO  com.phonebook.utils.MyListener -- List size is 14
10:07:34.896 [Test worker] INFO  com.phonebook.utils.MyListener -- ************************************
10:07:34.977 [Test worker] INFO  com.phonebook.utils.MyListener -- The locator will find By.cssSelector: .contact-item_card__2SOIM
10:07:34.977 [Test worker] INFO  com.phonebook.utils.MyListener -- ************************************
10:07:34.991 [Test worker] INFO  com.phonebook.utils.MyListener -- The locator is By.cssSelector: .contact-item_card__2SOIM
10:07:34.992 [Test worker] INFO  com.phonebook.utils.MyListener -- ************************************
10:07:35.095 [Test worker] INFO  com.phonebook.utils.MyListener -- The locator will find By.xpath: //button[.='Remove']
10:07:35.095 [Test worker] INFO  com.phonebook.utils.MyListener -- ************************************
10:07:35.113 [Test worker] INFO  com.phonebook.utils.MyListener -- The locator is By.xpath: //button[.='Remove']
10:07:35.113 [Test worker] INFO  com.phonebook.utils.MyListener -- ************************************
10:07:35.219 [Test worker] INFO  com.phonebook.tests.TestBase -- PASSED: addContactPositiveFromDataProviderWithCsvFileTest
10:07:35.219 [Test worker] INFO  com.phonebook.tests.TestBase -- Stop test
10:07:35.219 [Test worker] INFO  com.phonebook.tests.TestBase -- *********************************************************
10:07:35.221 [Test worker] INFO  com.phonebook.tests.TestBase -- Start test addContactPositiveFromDataProviderWithCsvFileTest[Contact{phone='12345678901', name='Sveta'}]
10:07:35.222 [Test worker] INFO  com.phonebook.utils.MyListener -- Before find elements By.cssSelector: [href='/login']
10:07:35.222 [Test worker] INFO  com.phonebook.utils.MyListener -- ************************************
10:07:45.255 [Test worker] INFO  com.phonebook.utils.MyListener -- List size is 0
10:07:45.255 [Test worker] INFO  com.phonebook.utils.MyListener -- ************************************
10:07:45.256 [Test worker] INFO  com.phonebook.utils.MyListener -- The locator will find By.xpath: //button[.='Sign Out']
10:07:45.256 [Test worker] INFO  com.phonebook.utils.MyListener -- ************************************
10:07:45.268 [Test worker] INFO  com.phonebook.utils.MyListener -- The locator is By.xpath: //button[.='Sign Out']
10:07:45.269 [Test worker] INFO  com.phonebook.utils.MyListener -- ************************************
10:07:45.349 [Test worker] INFO  com.phonebook.utils.MyListener -- The locator will find By.cssSelector: [href='/login']
10:07:45.349 [Test worker] INFO  com.phonebook.utils.MyListener -- ************************************
10:07:45.360 [Test worker] INFO  com.phonebook.utils.MyListener -- The locator is By.cssSelector: [href='/login']
10:07:45.360 [Test worker] INFO  com.phonebook.utils.MyListener -- ************************************
10:07:45.437 [Test worker] INFO  com.phonebook.utils.MyListener -- The locator will find By.name: email
10:07:45.437 [Test worker] INFO  com.phonebook.utils.MyListener -- ************************************
10:07:45.445 [Test worker] INFO  com.phonebook.utils.MyListener -- The locator is By.name: email
10:07:45.445 [Test worker] INFO  com.phonebook.utils.MyListener -- ************************************
10:07:45.514 [Test worker] INFO  com.phonebook.utils.MyListener -- The locator will find By.name: email
10:07:45.514 [Test worker] INFO  com.phonebook.utils.MyListener -- ************************************
10:07:45.522 [Test worker] INFO  com.phonebook.utils.MyListener -- The locator is By.name: email
10:07:45.522 [Test worker] INFO  com.phonebook.utils.MyListener -- ************************************
10:07:45.550 [Test worker] INFO  com.phonebook.utils.MyListener -- The locator will find By.name: email
10:07:45.550 [Test worker] INFO  com.phonebook.utils.MyListener -- ************************************
10:07:45.558 [Test worker] INFO  com.phonebook.utils.MyListener -- The locator is By.name: email
10:07:45.559 [Test worker] INFO  com.phonebook.utils.MyListener -- ************************************
10:07:45.609 [Test worker] INFO  com.phonebook.utils.MyListener -- The locator will find By.name: password
10:07:45.609 [Test worker] INFO  com.phonebook.utils.MyListener -- ************************************
10:07:45.618 [Test worker] INFO  com.phonebook.utils.MyListener -- The locator is By.name: password
10:07:45.618 [Test worker] INFO  com.phonebook.utils.MyListener -- ************************************
10:07:45.681 [Test worker] INFO  com.phonebook.utils.MyListener -- The locator will find By.name: password
10:07:45.681 [Test worker] INFO  com.phonebook.utils.MyListener -- ************************************
10:07:45.690 [Test worker] INFO  com.phonebook.utils.MyListener -- The locator is By.name: password
10:07:45.690 [Test worker] INFO  com.phonebook.utils.MyListener -- ************************************
10:07:45.718 [Test worker] INFO  com.phonebook.utils.MyListener -- The locator will find By.name: password
10:07:45.719 [Test worker] INFO  com.phonebook.utils.MyListener -- ************************************
10:07:45.728 [Test worker] INFO  com.phonebook.utils.MyListener -- The locator is By.name: password
10:07:45.729 [Test worker] INFO  com.phonebook.utils.MyListener -- ************************************
10:07:45.774 [Test worker] INFO  com.phonebook.utils.MyListener -- The locator will find By.name: login
10:07:45.774 [Test worker] INFO  com.phonebook.utils.MyListener -- ************************************
10:07:45.785 [Test worker] INFO  com.phonebook.utils.MyListener -- The locator is By.name: login
10:07:45.785 [Test worker] INFO  com.phonebook.utils.MyListener -- ************************************
10:07:45.848 [Test worker] INFO  com.phonebook.utils.MyListener -- The locator will find By.cssSelector: [href='/add']
10:07:45.848 [Test worker] INFO  com.phonebook.utils.MyListener -- ************************************
10:07:46.105 [Test worker] INFO  com.phonebook.utils.MyListener -- The locator is By.cssSelector: [href='/add']
10:07:46.106 [Test worker] INFO  com.phonebook.utils.MyListener -- ************************************
10:07:46.177 [Test worker] INFO  com.phonebook.utils.MyListener -- The locator will find By.cssSelector: input:nth-child(1)
10:07:46.177 [Test worker] INFO  com.phonebook.utils.MyListener -- ************************************
10:07:46.189 [Test worker] INFO  com.phonebook.utils.MyListener -- The locator is By.cssSelector: input:nth-child(1)
10:07:46.190 [Test worker] INFO  com.phonebook.utils.MyListener -- ************************************
10:07:46.269 [Test worker] INFO  com.phonebook.utils.MyListener -- The locator will find By.cssSelector: input:nth-child(1)
10:07:46.269 [Test worker] INFO  com.phonebook.utils.MyListener -- ************************************
10:07:46.281 [Test worker] INFO  com.phonebook.utils.MyListener -- The locator is By.cssSelector: input:nth-child(1)
10:07:46.281 [Test worker] INFO  com.phonebook.utils.MyListener -- ************************************
10:07:46.312 [Test worker] INFO  com.phonebook.utils.MyListener -- The locator will find By.cssSelector: input:nth-child(1)
10:07:46.312 [Test worker] INFO  com.phonebook.utils.MyListener -- ************************************
10:07:46.324 [Test worker] INFO  com.phonebook.utils.MyListener -- The locator is By.cssSelector: input:nth-child(1)
10:07:46.324 [Test worker] INFO  com.phonebook.utils.MyListener -- ************************************
10:07:46.360 [Test worker] INFO  com.phonebook.utils.MyListener -- The locator will find By.cssSelector: input:nth-child(2)
10:07:46.360 [Test worker] INFO  com.phonebook.utils.MyListener -- ************************************
10:07:46.370 [Test worker] INFO  com.phonebook.utils.MyListener -- The locator is By.cssSelector: input:nth-child(2)
10:07:46.370 [Test worker] INFO  com.phonebook.utils.MyListener -- ************************************
10:07:46.437 [Test worker] INFO  com.phonebook.utils.MyListener -- The locator will find By.cssSelector: input:nth-child(2)
10:07:46.438 [Test worker] INFO  com.phonebook.utils.MyListener -- ************************************
10:07:46.447 [Test worker] INFO  com.phonebook.utils.MyListener -- The locator is By.cssSelector: input:nth-child(2)
10:07:46.447 [Test worker] INFO  com.phonebook.utils.MyListener -- ************************************
10:07:46.477 [Test worker] INFO  com.phonebook.utils.MyListener -- The locator will find By.cssSelector: input:nth-child(2)
10:07:46.477 [Test worker] INFO  com.phonebook.utils.MyListener -- ************************************
10:07:46.485 [Test worker] INFO  com.phonebook.utils.MyListener -- The locator is By.cssSelector: input:nth-child(2)
10:07:46.486 [Test worker] INFO  com.phonebook.utils.MyListener -- ************************************
10:07:46.517 [Test worker] INFO  com.phonebook.utils.MyListener -- The locator will find By.cssSelector: input:nth-child(3)
10:07:46.517 [Test worker] INFO  com.phonebook.utils.MyListener -- ************************************
10:07:46.526 [Test worker] INFO  com.phonebook.utils.MyListener -- The locator is By.cssSelector: input:nth-child(3)
10:07:46.526 [Test worker] INFO  com.phonebook.utils.MyListener -- ************************************
10:07:46.595 [Test worker] INFO  com.phonebook.utils.MyListener -- The locator will find By.cssSelector: input:nth-child(3)
10:07:46.595 [Test worker] INFO  com.phonebook.utils.MyListener -- ************************************
10:07:46.605 [Test worker] INFO  com.phonebook.utils.MyListener -- The locator is By.cssSelector: input:nth-child(3)
10:07:46.605 [Test worker] INFO  com.phonebook.utils.MyListener -- ************************************
10:07:46.630 [Test worker] INFO  com.phonebook.utils.MyListener -- The locator will find By.cssSelector: input:nth-child(3)
10:07:46.631 [Test worker] INFO  com.phonebook.utils.MyListener -- ************************************
10:07:46.638 [Test worker] INFO  com.phonebook.utils.MyListener -- The locator is By.cssSelector: input:nth-child(3)
10:07:46.638 [Test worker] INFO  com.phonebook.utils.MyListener -- ************************************
10:07:46.672 [Test worker] INFO  com.phonebook.utils.MyListener -- The locator will find By.cssSelector: input:nth-child(4)
10:07:46.672 [Test worker] INFO  com.phonebook.utils.MyListener -- ************************************
10:07:46.680 [Test worker] INFO  com.phonebook.utils.MyListener -- The locator is By.cssSelector: input:nth-child(4)
10:07:46.680 [Test worker] INFO  com.phonebook.utils.MyListener -- ************************************
10:07:46.743 [Test worker] INFO  com.phonebook.utils.MyListener -- The locator will find By.cssSelector: input:nth-child(4)
10:07:46.743 [Test worker] INFO  com.phonebook.utils.MyListener -- ************************************
10:07:46.751 [Test worker] INFO  com.phonebook.utils.MyListener -- The locator is By.cssSelector: input:nth-child(4)
10:07:46.751 [Test worker] INFO  com.phonebook.utils.MyListener -- ************************************
10:07:46.778 [Test worker] INFO  com.phonebook.utils.MyListener -- The locator will find By.cssSelector: input:nth-child(4)
10:07:46.778 [Test worker] INFO  com.phonebook.utils.MyListener -- ************************************
10:07:46.786 [Test worker] INFO  com.phonebook.utils.MyListener -- The locator is By.cssSelector: input:nth-child(4)
10:07:46.786 [Test worker] INFO  com.phonebook.utils.MyListener -- ************************************
10:07:46.826 [Test worker] INFO  com.phonebook.utils.MyListener -- The locator will find By.cssSelector: input:nth-child(5)
10:07:46.826 [Test worker] INFO  com.phonebook.utils.MyListener -- ************************************
10:07:46.835 [Test worker] INFO  com.phonebook.utils.MyListener -- The locator is By.cssSelector: input:nth-child(5)
10:07:46.835 [Test worker] INFO  com.phonebook.utils.MyListener -- ************************************
10:07:46.900 [Test worker] INFO  com.phonebook.utils.MyListener -- The locator will find By.cssSelector: input:nth-child(5)
10:07:46.900 [Test worker] INFO  com.phonebook.utils.MyListener -- ************************************
10:07:46.909 [Test worker] INFO  com.phonebook.utils.MyListener -- The locator is By.cssSelector: input:nth-child(5)
10:07:46.909 [Test worker] INFO  com.phonebook.utils.MyListener -- ************************************
10:07:46.936 [Test worker] INFO  com.phonebook.utils.MyListener -- The locator will find By.cssSelector: input:nth-child(5)
10:07:46.936 [Test worker] INFO  com.phonebook.utils.MyListener -- ************************************
10:07:46.944 [Test worker] INFO  com.phonebook.utils.MyListener -- The locator is By.cssSelector: input:nth-child(5)
10:07:46.944 [Test worker] INFO  com.phonebook.utils.MyListener -- ************************************
10:07:46.977 [Test worker] INFO  com.phonebook.utils.MyListener -- The locator will find By.cssSelector: input:nth-child(6)
10:07:46.977 [Test worker] INFO  com.phonebook.utils.MyListener -- ************************************
10:07:46.986 [Test worker] INFO  com.phonebook.utils.MyListener -- The locator is By.cssSelector: input:nth-child(6)
10:07:46.986 [Test worker] INFO  com.phonebook.utils.MyListener -- ************************************
10:07:47.049 [Test worker] INFO  com.phonebook.utils.MyListener -- The locator will find By.cssSelector: input:nth-child(6)
10:07:47.049 [Test worker] INFO  com.phonebook.utils.MyListener -- ************************************
10:07:47.059 [Test worker] INFO  com.phonebook.utils.MyListener -- The locator is By.cssSelector: input:nth-child(6)
10:07:47.059 [Test worker] INFO  com.phonebook.utils.MyListener -- ************************************
10:07:47.092 [Test worker] INFO  com.phonebook.utils.MyListener -- The locator will find By.cssSelector: input:nth-child(6)
10:07:47.092 [Test worker] INFO  com.phonebook.utils.MyListener -- ************************************
10:07:47.100 [Test worker] INFO  com.phonebook.utils.MyListener -- The locator is By.cssSelector: input:nth-child(6)
10:07:47.100 [Test worker] INFO  com.phonebook.utils.MyListener -- ************************************
10:07:47.131 [Test worker] INFO  com.phonebook.utils.MyListener -- The locator will find By.cssSelector: .add_main__1tbl_ button
10:07:47.131 [Test worker] INFO  com.phonebook.utils.MyListener -- ************************************
10:07:47.140 [Test worker] INFO  com.phonebook.utils.MyListener -- The locator is By.cssSelector: .add_main__1tbl_ button
10:07:47.140 [Test worker] INFO  com.phonebook.utils.MyListener -- ************************************
10:07:47.199 [Test worker] INFO  com.phonebook.utils.MyListener -- Before find elements By.cssSelector: h2
10:07:47.199 [Test worker] INFO  com.phonebook.utils.MyListener -- ************************************
10:07:47.548 [Test worker] INFO  com.phonebook.utils.MyListener -- List size is 14
10:07:47.548 [Test worker] INFO  com.phonebook.utils.MyListener -- ************************************
10:07:47.608 [Test worker] INFO  com.phonebook.utils.MyListener -- The locator will find By.cssSelector: .contact-item_card__2SOIM
10:07:47.608 [Test worker] INFO  com.phonebook.utils.MyListener -- ************************************
10:07:47.616 [Test worker] INFO  com.phonebook.utils.MyListener -- The locator is By.cssSelector: .contact-item_card__2SOIM
10:07:47.617 [Test worker] INFO  com.phonebook.utils.MyListener -- ************************************
10:07:47.675 [Test worker] INFO  com.phonebook.utils.MyListener -- The locator will find By.xpath: //button[.='Remove']
10:07:47.675 [Test worker] INFO  com.phonebook.utils.MyListener -- ************************************
10:07:47.682 [Test worker] INFO  com.phonebook.utils.MyListener -- The locator is By.xpath: //button[.='Remove']
10:07:47.682 [Test worker] INFO  com.phonebook.utils.MyListener -- ************************************
10:07:47.738 [Test worker] INFO  com.phonebook.tests.TestBase -- PASSED: addContactPositiveFromDataProviderWithCsvFileTest
10:07:47.738 [Test worker] INFO  com.phonebook.tests.TestBase -- Stop test
10:07:47.738 [Test worker] INFO  com.phonebook.tests.TestBase -- *********************************************************
10:07:47.739 [Test worker] INFO  com.phonebook.tests.TestBase -- Start test addContactPositiveFromDataProviderWithCsvFileTest[Contact{phone='123456789012', name='Lena'}]
10:07:47.739 [Test worker] INFO  com.phonebook.utils.MyListener -- Before find elements By.cssSelector: [href='/login']
10:07:47.739 [Test worker] INFO  com.phonebook.utils.MyListener -- ************************************
10:07:57.795 [Test worker] INFO  com.phonebook.utils.MyListener -- List size is 0
10:07:57.795 [Test worker] INFO  com.phonebook.utils.MyListener -- ************************************
10:07:57.795 [Test worker] INFO  com.phonebook.utils.MyListener -- The locator will find By.xpath: //button[.='Sign Out']
10:07:57.795 [Test worker] INFO  com.phonebook.utils.MyListener -- ************************************
10:07:57.824 [Test worker] INFO  com.phonebook.utils.MyListener -- The locator is By.xpath: //button[.='Sign Out']
10:07:57.824 [Test worker] INFO  com.phonebook.utils.MyListener -- ************************************
10:07:57.926 [Test worker] INFO  com.phonebook.utils.MyListener -- The locator will find By.cssSelector: [href='/login']
10:07:57.926 [Test worker] INFO  com.phonebook.utils.MyListener -- ************************************
10:07:57.937 [Test worker] INFO  com.phonebook.utils.MyListener -- The locator is By.cssSelector: [href='/login']
10:07:57.938 [Test worker] INFO  com.phonebook.utils.MyListener -- ************************************
10:07:57.999 [Test worker] INFO  com.phonebook.utils.MyListener -- The locator will find By.name: email
10:07:57.999 [Test worker] INFO  com.phonebook.utils.MyListener -- ************************************
10:07:58.012 [Test worker] INFO  com.phonebook.utils.MyListener -- The locator is By.name: email
10:07:58.013 [Test worker] INFO  com.phonebook.utils.MyListener -- ************************************
10:07:58.079 [Test worker] INFO  com.phonebook.utils.MyListener -- The locator will find By.name: email
10:07:58.079 [Test worker] INFO  com.phonebook.utils.MyListener -- ************************************
10:07:58.088 [Test worker] INFO  com.phonebook.utils.MyListener -- The locator is By.name: email
10:07:58.089 [Test worker] INFO  com.phonebook.utils.MyListener -- ************************************
10:07:58.116 [Test worker] INFO  com.phonebook.utils.MyListener -- The locator will find By.name: email
10:07:58.116 [Test worker] INFO  com.phonebook.utils.MyListener -- ************************************
10:07:58.124 [Test worker] INFO  com.phonebook.utils.MyListener -- The locator is By.name: email
10:07:58.124 [Test worker] INFO  com.phonebook.utils.MyListener -- ************************************
10:07:58.171 [Test worker] INFO  com.phonebook.utils.MyListener -- The locator will find By.name: password
10:07:58.171 [Test worker] INFO  com.phonebook.utils.MyListener -- ************************************
10:07:58.183 [Test worker] INFO  com.phonebook.utils.MyListener -- The locator is By.name: password
10:07:58.183 [Test worker] INFO  com.phonebook.utils.MyListener -- ************************************
10:07:58.244 [Test worker] INFO  com.phonebook.utils.MyListener -- The locator will find By.name: password
10:07:58.244 [Test worker] INFO  com.phonebook.utils.MyListener -- ************************************
10:07:58.251 [Test worker] INFO  com.phonebook.utils.MyListener -- The locator is By.name: password
10:07:58.251 [Test worker] INFO  com.phonebook.utils.MyListener -- ************************************
10:07:58.277 [Test worker] INFO  com.phonebook.utils.MyListener -- The locator will find By.name: password
10:07:58.277 [Test worker] INFO  com.phonebook.utils.MyListener -- ************************************
10:07:58.287 [Test worker] INFO  com.phonebook.utils.MyListener -- The locator is By.name: password
10:07:58.287 [Test worker] INFO  com.phonebook.utils.MyListener -- ************************************
10:07:58.328 [Test worker] INFO  com.phonebook.utils.MyListener -- The locator will find By.name: login
[...]
10:08:12.058 [Test worker] INFO  com.phonebook.utils.MyListener -- The locator is By.cssSelector: input:nth-child(4)
10:08:12.058 [Test worker] INFO  com.phonebook.utils.MyListener -- ************************************
10:08:12.097 [Test worker] INFO  com.phonebook.utils.MyListener -- The locator will find By.cssSelector: input:nth-child(5)
10:08:12.097 [Test worker] INFO  com.phonebook.utils.MyListener -- ************************************
10:08:12.110 [Test worker] INFO  com.phonebook.utils.MyListener -- The locator is By.cssSelector: input:nth-child(5)
10:08:12.110 [Test worker] INFO  com.phonebook.utils.MyListener -- ************************************
10:08:12.172 [Test worker] INFO  com.phonebook.utils.MyListener -- The locator will find By.cssSelector: input:nth-child(5)
10:08:12.172 [Test worker] INFO  com.phonebook.utils.MyListener -- ************************************
10:08:12.180 [Test worker] INFO  com.phonebook.utils.MyListener -- The locator is By.cssSelector: input:nth-child(5)
10:08:12.180 [Test worker] INFO  com.phonebook.utils.MyListener -- ************************************
10:08:12.207 [Test worker] INFO  com.phonebook.utils.MyListener -- The locator will find By.cssSelector: input:nth-child(5)
10:08:12.207 [Test worker] INFO  com.phonebook.utils.MyListener -- ************************************
10:08:12.216 [Test worker] INFO  com.phonebook.utils.MyListener -- The locator is By.cssSelector: input:nth-child(5)
10:08:12.216 [Test worker] INFO  com.phonebook.utils.MyListener -- ************************************
10:08:12.250 [Test worker] INFO  com.phonebook.utils.MyListener -- The locator will find By.cssSelector: input:nth-child(6)
10:08:12.250 [Test worker] INFO  com.phonebook.utils.MyListener -- ************************************
10:08:12.262 [Test worker] INFO  com.phonebook.utils.MyListener -- The locator is By.cssSelector: input:nth-child(6)
10:08:12.262 [Test worker] INFO  com.phonebook.utils.MyListener -- ************************************
10:08:12.325 [Test worker] INFO  com.phonebook.utils.MyListener -- The locator will find By.cssSelector: input:nth-child(6)
10:08:12.326 [Test worker] INFO  com.phonebook.utils.MyListener -- ************************************
10:08:12.334 [Test worker] INFO  com.phonebook.utils.MyListener -- The locator is By.cssSelector: input:nth-child(6)
10:08:12.334 [Test worker] INFO  com.phonebook.utils.MyListener -- ************************************
10:08:12.356 [Test worker] INFO  com.phonebook.utils.MyListener -- The locator will find By.cssSelector: input:nth-child(6)
10:08:12.357 [Test worker] INFO  com.phonebook.utils.MyListener -- ************************************
10:08:12.364 [Test worker] INFO  com.phonebook.utils.MyListener -- The locator is By.cssSelector: input:nth-child(6)
10:08:12.364 [Test worker] INFO  com.phonebook.utils.MyListener -- ************************************
10:08:12.391 [Test worker] INFO  com.phonebook.utils.MyListener -- The locator will find By.cssSelector: .add_main__1tbl_ button
10:08:12.391 [Test worker] INFO  com.phonebook.utils.MyListener -- ************************************
10:08:12.403 [Test worker] INFO  com.phonebook.utils.MyListener -- The locator is By.cssSelector: .add_main__1tbl_ button
10:08:12.403 [Test worker] INFO  com.phonebook.utils.MyListener -- ************************************
10:08:12.460 [Test worker] INFO  com.phonebook.utils.MyListener -- Before find elements By.cssSelector: h2
10:08:12.460 [Test worker] INFO  com.phonebook.utils.MyListener -- ************************************
10:08:12.847 [Test worker] INFO  com.phonebook.utils.MyListener -- List size is 14
10:08:12.847 [Test worker] INFO  com.phonebook.utils.MyListener -- ************************************
10:08:12.903 [Test worker] INFO  com.phonebook.utils.MyListener -- The locator will find By.cssSelector: .contact-item_card__2SOIM
10:08:12.903 [Test worker] INFO  com.phonebook.utils.MyListener -- ************************************
10:08:12.915 [Test worker] INFO  com.phonebook.utils.MyListener -- The locator is By.cssSelector: .contact-item_card__2SOIM
10:08:12.915 [Test worker] INFO  com.phonebook.utils.MyListener -- ************************************
10:08:12.979 [Test worker] INFO  com.phonebook.utils.MyListener -- The locator will find By.xpath: //button[.='Remove']
10:08:12.979 [Test worker] INFO  com.phonebook.utils.MyListener -- ************************************
10:08:12.990 [Test worker] INFO  com.phonebook.utils.MyListener -- The locator is By.xpath: //button[.='Remove']
10:08:12.990 [Test worker] INFO  com.phonebook.utils.MyListener -- ************************************
10:08:13.047 [Test worker] INFO  com.phonebook.tests.TestBase -- PASSED: addContactPositiveFromDataProviderWithCsvFileTest
10:08:13.047 [Test worker] INFO  com.phonebook.tests.TestBase -- Stop test
10:08:13.048 [Test worker] INFO  com.phonebook.tests.TestBase -- *********************************************************
10:08:13.049 [Test worker] INFO  com.phonebook.tests.TestBase -- Start test addContactPositiveTest[]
10:08:13.050 [Test worker] INFO  com.phonebook.utils.MyListener -- Before find elements By.cssSelector: [href='/login']
10:08:13.050 [Test worker] INFO  com.phonebook.utils.MyListener -- ************************************
10:08:23.084 [Test worker] INFO  com.phonebook.utils.MyListener -- List size is 0
10:08:23.084 [Test worker] INFO  com.phonebook.utils.MyListener -- ************************************
10:08:23.084 [Test worker] INFO  com.phonebook.utils.MyListener -- The locator will find By.xpath: //button[.='Sign Out']
10:08:23.084 [Test worker] INFO  com.phonebook.utils.MyListener -- ************************************
10:08:23.098 [Test worker] INFO  com.phonebook.utils.MyListener -- The locator is By.xpath: //button[.='Sign Out']
10:08:23.098 [Test worker] INFO  com.phonebook.utils.MyListener -- ************************************
10:08:23.169 [Test worker] INFO  com.phonebook.utils.MyListener -- The locator will find By.cssSelector: [href='/login']
10:08:23.169 [Test worker] INFO  com.phonebook.utils.MyListener -- ************************************
10:08:23.182 [Test worker] INFO  com.phonebook.utils.MyListener -- The locator is By.cssSelector: [href='/login']
10:08:23.182 [Test worker] INFO  com.phonebook.utils.MyListener -- ************************************
10:08:23.243 [Test worker] INFO  com.phonebook.utils.MyListener -- The locator will find By.name: email
10:08:23.243 [Test worker] INFO  com.phonebook.utils.MyListener -- ************************************
10:08:23.255 [Test worker] INFO  com.phonebook.utils.MyListener -- The locator is By.name: email
10:08:23.255 [Test worker] INFO  com.phonebook.utils.MyListener -- ************************************
10:08:23.321 [Test worker] INFO  com.phonebook.utils.MyListener -- The locator will find By.name: email
10:08:23.322 [Test worker] INFO  com.phonebook.utils.MyListener -- ************************************
10:08:23.335 [Test worker] INFO  com.phonebook.utils.MyListener -- The locator is By.name: email
10:08:23.335 [Test worker] INFO  com.phonebook.utils.MyListener -- ************************************
10:08:23.363 [Test worker] INFO  com.phonebook.utils.MyListener -- The locator will find By.name: email
10:08:23.363 [Test worker] INFO  com.phonebook.utils.MyListener -- ************************************
10:08:23.371 [Test worker] INFO  com.phonebook.utils.MyListener -- The locator is By.name: email
10:08:23.371 [Test worker] INFO  com.phonebook.utils.MyListener -- ************************************
10:08:23.413 [Test worker] INFO  com.phonebook.utils.MyListener -- The locator will find By.name: password
10:08:23.413 [Test worker] INFO  com.phonebook.utils.MyListener -- ************************************
10:08:23.424 [Test worker] INFO  com.phonebook.utils.MyListener -- The locator is By.name: password
10:08:23.424 [Test worker] INFO  com.phonebook.utils.MyListener -- ************************************
10:08:23.490 [Test worker] INFO  com.phonebook.utils.MyListener -- The locator will find By.name: password
10:08:23.490 [Test worker] INFO  com.phonebook.utils.MyListener -- ************************************
10:08:23.499 [Test worker] INFO  com.phonebook.utils.MyListener -- The locator is By.name: password
10:08:23.499 [Test worker] INFO  com.phonebook.utils.MyListener -- ************************************
10:08:23.523 [Test worker] INFO  com.phonebook.utils.MyListener -- The locator will find By.name: password
10:08:23.523 [Test worker] INFO  com.phonebook.utils.MyListener -- ************************************
10:08:23.532 [Test worker] INFO  com.phonebook.utils.MyListener -- The locator is By.name: password
10:08:23.532 [Test worker] INFO  com.phonebook.utils.MyListener -- ************************************
10:08:23.576 [Test worker] INFO  com.phonebook.utils.MyListener -- The locator will find By.name: login
10:08:23.576 [Test worker] INFO  com.phonebook.utils.MyListener -- ************************************
10:08:23.588 [Test worker] INFO  com.phonebook.utils.MyListener -- The locator is By.name: login
10:08:23.588 [Test worker] INFO  com.phonebook.utils.MyListener -- ************************************
10:08:23.650 [Test worker] INFO  com.phonebook.utils.MyListener -- The locator will find By.cssSelector: [href='/add']
10:08:23.650 [Test worker] INFO  com.phonebook.utils.MyListener -- ************************************
10:08:23.969 [Test worker] INFO  com.phonebook.utils.MyListener -- The locator is By.cssSelector: [href='/add']
10:08:23.969 [Test worker] INFO  com.phonebook.utils.MyListener -- ************************************
10:08:24.040 [Test worker] INFO  com.phonebook.utils.MyListener -- The locator will find By.cssSelector: input:nth-child(1)
10:08:24.040 [Test worker] INFO  com.phonebook.utils.MyListener -- ************************************
10:08:24.053 [Test worker] INFO  com.phonebook.utils.MyListener -- The locator is By.cssSelector: input:nth-child(1)
10:08:24.053 [Test worker] INFO  com.phonebook.utils.MyListener -- ************************************
10:08:24.133 [Test worker] INFO  com.phonebook.utils.MyListener -- The locator will find By.cssSelector: input:nth-child(1)
10:08:24.133 [Test worker] INFO  com.phonebook.utils.MyListener -- ************************************
10:08:24.148 [Test worker] INFO  com.phonebook.utils.MyListener -- The locator is By.cssSelector: input:nth-child(1)
10:08:24.149 [Test worker] INFO  com.phonebook.utils.MyListener -- ************************************
10:08:24.186 [Test worker] INFO  com.phonebook.utils.MyListener -- The locator will find By.cssSelector: input:nth-child(1)
10:08:24.186 [Test worker] INFO  com.phonebook.utils.MyListener -- ************************************
10:08:24.195 [Test worker] INFO  com.phonebook.utils.MyListener -- The locator is By.cssSelector: input:nth-child(1)
10:08:24.195 [Test worker] INFO  com.phonebook.utils.MyListener -- ************************************
10:08:24.232 [Test worker] INFO  com.phonebook.utils.MyListener -- The locator will find By.cssSelector: input:nth-child(2)
10:08:24.232 [Test worker] INFO  com.phonebook.utils.MyListener -- ************************************
10:08:24.245 [Test worker] INFO  com.phonebook.utils.MyListener -- The locator is By.cssSelector: input:nth-child(2)
10:08:24.245 [Test worker] INFO  com.phonebook.utils.MyListener -- ************************************
10:08:24.311 [Test worker] INFO  com.phonebook.utils.MyListener -- The locator will find By.cssSelector: input:nth-child(2)
10:08:24.311 [Test worker] INFO  com.phonebook.utils.MyListener -- ************************************
10:08:24.319 [Test worker] INFO  com.phonebook.utils.MyListener -- The locator is By.cssSelector: input:nth-child(2)
10:08:24.319 [Test worker] INFO  com.phonebook.utils.MyListener -- ************************************
10:08:24.345 [Test worker] INFO  com.phonebook.utils.MyListener -- The locator will find By.cssSelector: input:nth-child(2)
10:08:24.345 [Test worker] INFO  com.phonebook.utils.MyListener -- ************************************
10:08:24.353 [Test worker] INFO  com.phonebook.utils.MyListener -- The locator is By.cssSelector: input:nth-child(2)
10:08:24.353 [Test worker] INFO  com.phonebook.utils.MyListener -- ************************************
10:08:24.385 [Test worker] INFO  com.phonebook.utils.MyListener -- The locator will find By.cssSelector: input:nth-child(3)
10:08:24.385 [Test worker] INFO  com.phonebook.utils.MyListener -- ************************************
10:08:24.404 [Test worker] INFO  com.phonebook.utils.MyListener -- The locator is By.cssSelector: input:nth-child(3)
10:08:24.404 [Test worker] INFO  com.phonebook.utils.MyListener -- ************************************
10:08:24.473 [Test worker] INFO  com.phonebook.utils.MyListener -- The locator will find By.cssSelector: input:nth-child(3)
10:08:24.473 [Test worker] INFO  com.phonebook.utils.MyListener -- ************************************
10:08:24.482 [Test worker] INFO  com.phonebook.utils.MyListener -- The locator is By.cssSelector: input:nth-child(3)
10:08:24.482 [Test worker] INFO  com.phonebook.utils.MyListener -- ************************************
10:08:24.512 [Test worker] INFO  com.phonebook.utils.MyListener -- The locator will find By.cssSelector: input:nth-child(3)
10:08:24.512 [Test worker] INFO  com.phonebook.utils.MyListener -- ************************************
10:08:24.522 [Test worker] INFO  com.phonebook.utils.MyListener -- The locator is By.cssSelector: input:nth-child(3)
10:08:24.522 [Test worker] INFO  com.phonebook.utils.MyListener -- ************************************
10:08:24.560 [Test worker] INFO  com.phonebook.utils.MyListener -- The locator will find By.cssSelector: input:nth-child(4)
10:08:24.560 [Test worker] INFO  com.phonebook.utils.MyListener -- ************************************
10:08:24.574 [Test worker] INFO  com.phonebook.utils.MyListener -- The locator is By.cssSelector: input:nth-child(4)
10:08:24.574 [Test worker] INFO  com.phonebook.utils.MyListener -- ************************************
10:08:24.638 [Test worker] INFO  com.phonebook.utils.MyListener -- The locator will find By.cssSelector: input:nth-child(4)
10:08:24.638 [Test worker] INFO  com.phonebook.utils.MyListener -- ************************************
10:08:24.646 [Test worker] INFO  com.phonebook.utils.MyListener -- The locator is By.cssSelector: input:nth-child(4)
10:08:24.646 [Test worker] INFO  com.phonebook.utils.MyListener -- ************************************
10:08:24.673 [Test worker] INFO  com.phonebook.utils.MyListener -- The locator will find By.cssSelector: input:nth-child(4)
10:08:24.673 [Test worker] INFO  com.phonebook.utils.MyListener -- ************************************
10:08:24.685 [Test worker] INFO  com.phonebook.utils.MyListener -- The locator is By.cssSelector: input:nth-child(4)
10:08:24.685 [Test worker] INFO  com.phonebook.utils.MyListener -- ************************************
10:08:24.725 [Test worker] INFO  com.phonebook.utils.MyListener -- The locator will find By.cssSelector: input:nth-child(5)
10:08:24.725 [Test worker] INFO  com.phonebook.utils.MyListener -- ************************************
10:08:24.737 [Test worker] INFO  com.phonebook.utils.MyListener -- The locator is By.cssSelector: input:nth-child(5)
10:08:24.737 [Test worker] INFO  com.phonebook.utils.MyListener -- ************************************
10:08:24.799 [Test worker] INFO  com.phonebook.utils.MyListener -- The locator will find By.cssSelector: input:nth-child(5)
10:08:24.799 [Test worker] INFO  com.phonebook.utils.MyListener -- ************************************
10:08:24.806 [Test worker] INFO  com.phonebook.utils.MyListener -- The locator is By.cssSelector: input:nth-child(5)
10:08:24.807 [Test worker] INFO  com.phonebook.utils.MyListener -- ************************************
10:08:24.834 [Test worker] INFO  com.phonebook.utils.MyListener -- The locator will find By.cssSelector: input:nth-child(5)
10:08:24.834 [Test worker] INFO  com.phonebook.utils.MyListener -- ************************************
10:08:24.842 [Test worker] INFO  com.phonebook.utils.MyListener -- The locator is By.cssSelector: input:nth-child(5)
10:08:24.842 [Test worker] INFO  com.phonebook.utils.MyListener -- ************************************
10:08:24.879 [Test worker] INFO  com.phonebook.utils.MyListener -- The locator will find By.cssSelector: input:nth-child(6)
10:08:24.880 [Test worker] INFO  com.phonebook.utils.MyListener -- ************************************
10:08:24.890 [Test worker] INFO  com.phonebook.utils.MyListener -- The locator is By.cssSelector: input:nth-child(6)
10:08:24.892 [Test worker] INFO  com.phonebook.utils.MyListener -- ************************************
10:08:24.955 [Test worker] INFO  com.phonebook.utils.MyListener -- The locator will find By.cssSelector: input:nth-child(6)
10:08:24.955 [Test worker] INFO  com.phonebook.utils.MyListener -- ************************************
10:08:24.964 [Test worker] INFO  com.phonebook.utils.MyListener -- The locator is By.cssSelector: input:nth-child(6)
10:08:24.964 [Test worker] INFO  com.phonebook.utils.MyListener -- ************************************
10:08:24.993 [Test worker] INFO  com.phonebook.utils.MyListener -- The locator will find By.cssSelector: input:nth-child(6)
10:08:24.993 [Test worker] INFO  com.phonebook.utils.MyListener -- ************************************
10:08:25.002 [Test worker] INFO  com.phonebook.utils.MyListener -- The locator is By.cssSelector: input:nth-child(6)
10:08:25.002 [Test worker] INFO  com.phonebook.utils.MyListener -- ************************************
10:08:25.038 [Test worker] INFO  com.phonebook.utils.MyListener -- The locator will find By.cssSelector: .add_main__1tbl_ button
10:08:25.038 [Test worker] INFO  com.phonebook.utils.MyListener -- ************************************
10:08:25.050 [Test worker] INFO  com.phonebook.utils.MyListener -- The locator is By.cssSelector: .add_main__1tbl_ button
10:08:25.050 [Test worker] INFO  com.phonebook.utils.MyListener -- ************************************
10:08:25.108 [Test worker] INFO  com.phonebook.utils.MyListener -- Before find elements By.cssSelector: h2
10:08:25.108 [Test worker] INFO  com.phonebook.utils.MyListener -- ************************************
10:08:25.533 [Test worker] INFO  com.phonebook.utils.MyListener -- List size is 14
10:08:25.534 [Test worker] INFO  com.phonebook.utils.MyListener -- ************************************
10:08:25.608 [Test worker] INFO  com.phonebook.utils.MyListener -- The locator will find By.cssSelector: .contact-item_card__2SOIM
10:08:25.609 [Test worker] INFO  com.phonebook.utils.MyListener -- ************************************
10:08:25.621 [Test worker] INFO  com.phonebook.utils.MyListener -- The locator is By.cssSelector: .contact-item_card__2SOIM
10:08:25.621 [Test worker] INFO  com.phonebook.utils.MyListener -- ************************************
10:08:25.699 [Test worker] INFO  com.phonebook.utils.MyListener -- The locator will find By.xpath: //button[.='Remove']
10:08:25.699 [Test worker] INFO  com.phonebook.utils.MyListener -- ************************************
10:08:25.712 [Test worker] INFO  com.phonebook.utils.MyListener -- The locator is By.xpath: //button[.='Remove']
10:08:25.712 [Test worker] INFO  com.phonebook.utils.MyListener -- ************************************
10:08:25.769 [Test worker] INFO  com.phonebook.tests.TestBase -- PASSED: addContactPositiveTest
10:08:25.769 [Test worker] INFO  com.phonebook.tests.TestBase -- Stop test
10:08:25.769 [Test worker] INFO  com.phonebook.tests.TestBase -- *********************************************************
]]></system-out>
  <system-err><![CDATA[]]></system-err>
</testsuite>
